#
# A fatal error has been detected by the Java Runtime Environment:
#
#  SIGSEGV (0xb) at pc=0x01cbe31c, pid=3532, tid=3078208368
#
# JRE version: 7.0-b147
# Java VM: Java HotSpot(TM) Server VM (21.0-b17 mixed mode linux-x86 )
# Problematic frame:
# C  [libXnVFeatures_1_5_0.so+0x1fa31c]  NACommonData::UpdateHybridMap()+0xcc
#
# Failed to write core dump. Core dumps have been disabled. To enable core dumping, try "ulimit -c unlimited" before starting Java again
#
# If you would like to submit a bug report, please visit:
#   http://bugreport.sun.com/bugreport/crash.jsp
# The crash happened outside the Java Virtual Machine in native code.
# See problematic frame for where to report the bug.
#

---------------  T H R E A D  ---------------

Current thread (0x09c54c00):  JavaThread "main" [_thread_in_native, id=3537, stack(0xb774b000,0xb779c000)]

siginfo:si_signo=SIGSEGV: si_errno=0, si_code=2 (SEGV_ACCERR), si_addr=0x01ed56a8

Registers:
EAX=0x00000234, EBX=0x01ebfff4, ECX=0x7f9cf820, EDX=0x00007130
ESP=0xb779a920, EBP=0xb779a968, ESI=0x01ec5780, EDI=0x8c136820
EIP=0x01cbe31c, EFLAGS=0x00010287, CR2=0x01ed56a8

Top of Stack: (sp=0xb779a920)
0xb779a920:   01ec5780 00000004 00000000 00c7cd86
0xb779a930:   0c767000 000001e0 fffffb02 00000500
0xb779a940:   7f9cfd20 000000a8 7f9cfd20 00000280
0xb779a950:   7f99b020 9115ec00 000e1000 01ebfff4
0xb779a960:   01ec5780 8d2a0df0 b779a9f8 01cbf679
0xb779a970:   01ec5780 9115ec00 000e1000 075b7040
0xb779a980:   00354ba9 0037aff4 b779a9d8 00354c9a
0xb779a990:   b779a9b8 00757ff4 b779a9f8 00000007 

Instructions: (pc=0x01cbe31c)
0x01cbe2fc:   d0 89 55 d8 8b 55 e0 01 cf 29 c2 89 d0 d1 e8 83
0x01cbe30c:   c0 01 89 45 e4 31 c0 90 8d 74 26 00 0f b7 14 41
0x01cbe31c:   0f b7 94 56 c8 1c 00 00 66 89 14 47 83 c0 01 3b
0x01cbe32c:   45 e4 75 e8 83 45 dc 01 8b 45 d4 8b 55 dc 01 45 

Register to memory mapping:

EAX=0x00000234 is an unknown value
EBX=0x01ebfff4: <offset 0x3fbff4> in /usr/lib/libXnVFeatures_1_5_0.so at 0x01ac4000
ECX=0x7f9cf820 is an unknown value
EDX=0x00007130 is an unknown value
ESP=0xb779a920 is pointing into the stack for thread: 0x09c54c00
EBP=0xb779a968 is pointing into the stack for thread: 0x09c54c00
ESI=0x01ec5780: <offset 0x401780> in /usr/lib/libXnVFeatures_1_5_0.so at 0x01ac4000
EDI=0x8c136820 is an unknown value


Stack: [0xb774b000,0xb779c000],  sp=0xb779a920,  free space=318k
Native frames: (J=compiled Java code, j=interpreted, Vv=VM code, C=native code)
C  [libXnVFeatures_1_5_0.so+0x1fa31c]  NACommonData::UpdateHybridMap()+0xcc
C  [libXnVFeatures_1_5_0.so+0x1fb679]  NACommonData::Update()+0x5c9
C  [libXnVFeatures_1_5_0.so+0x659f6]  SceneAnalyzer::Update(std::vector<Vector2D<int>, std::allocator<Vector2D<int> > > const*, unsigned int)+0x46
C  [libXnVFeatures_1_5_0.so+0x2c406]  XnVSceneAnalyzer::UpdateData()+0x376
C  [libXnVFeatures_1_5_0.so+0x27077]  __ModuleUpdateData(void*)+0x47
C  [libOpenNI.so+0x3528f]  xnUpdateDataImpl(XnInternalNodeData*)+0x5f
C  [libOpenNI.so+0x374a0]  xnUpdateTreeImpl(XnProductionNodesSet*, XnNodeInfo const*)+0x390
C  [libOpenNI.so+0x3723a]  xnUpdateTreeImpl(XnProductionNodesSet*, XnNodeInfo const*)+0x12a
C  [libOpenNI.so+0x3a939]  xnUpdateAll(XnContext*)+0x239
C  [libOpenNI.so+0x3ae0f]  xnWaitAnyUpdateAll+0x7f
C  [libOpenNI.jni.so+0x1110d]  Java_org_OpenNI_NativeMethods_xnWaitAnyUpdateAll+0x1d
j  org.OpenNI.NativeMethods.xnWaitAnyUpdateAll(J)I+0
j  org.OpenNI.Context.waitAnyUpdateAll()V+4
J  kinectdemo.UserTracker.updateDepth()V
j  kinectdemo.UserTrackerApplication.main([Ljava/lang/String;)V+62
v  ~StubRoutines::call_stub
V  [libjvm.so+0x3e42ad]  JavaCalls::call_helper(JavaValue*, methodHandle*, JavaCallArguments*, Thread*)+0x2fd
V  [libjvm.so+0x59c599]  os::os_exception_wrapper(void (*)(JavaValue*, methodHandle*, JavaCallArguments*, Thread*), JavaValue*, methodHandle*, JavaCallArguments*, Thread*)+0x19
V  [libjvm.so+0x3e30df]  JavaCalls::call(JavaValue*, methodHandle, JavaCallArguments*, Thread*)+0x2f
V  [libjvm.so+0x3ef79a]  jni_invoke_static(JNIEnv_*, JavaValue*, _jobject*, JNICallType, _jmethodID*, JNI_ArgumentPusher*, Thread*)+0x23a
V  [libjvm.so+0x3f6d2b]  jni_CallStaticVoidMethod+0xbb
C  [libjli.so+0x31cc]  JavaMain+0x98c
C  [libpthread.so.0+0x5e99]  start_thread+0xd9

Java frames: (J=compiled Java code, j=interpreted, Vv=VM code)
j  org.OpenNI.NativeMethods.xnWaitAnyUpdateAll(J)I+0
j  org.OpenNI.Context.waitAnyUpdateAll()V+4
J  kinectdemo.UserTracker.updateDepth()V
j  kinectdemo.UserTrackerApplication.run()V+11
j  kinectdemo.UserTrackerApplication.main([Ljava/lang/String;)V+62
v  ~StubRoutines::call_stub

---------------  P R O C E S S  ---------------

Java Threads: ( => current thread )
  0x80c26c00 JavaThread "AWT-EventQueue-0" [_thread_in_native, id=3559, stack(0x00916000,0x00967000)]
  0x80c25800 JavaThread "AWT-Shutdown" [_thread_blocked, id=3558, stack(0x004d1000,0x00522000)]
  0x90df8400 JavaThread "AWT-XAWT" daemon [_thread_in_native, id=3549, stack(0x90a8a000,0x90adb000)]
  0x90dcb800 JavaThread "Java2D Disposer" daemon [_thread_blocked, id=3548, stack(0x90adb000,0x90b2c000)]
  0x90d04800 JavaThread "Service Thread" daemon [_thread_blocked, id=3546, stack(0x90bad000,0x90bfe000)]
  0x90d02800 JavaThread "C2 CompilerThread1" daemon [_thread_blocked, id=3545, stack(0x90bfe000,0x90c7f000)]
  0x90d00800 JavaThread "C2 CompilerThread0" daemon [_thread_blocked, id=3544, stack(0x90c7f000,0x90d00000)]
  0x09d3d400 JavaThread "Signal Dispatcher" daemon [_thread_blocked, id=3543, stack(0x90e21000,0x90e72000)]
  0x09d04400 JavaThread "Finalizer" daemon [_thread_blocked, id=3542, stack(0x91072000,0x910c3000)]
  0x09cff400 JavaThread "Reference Handler" daemon [_thread_blocked, id=3541, stack(0x910c3000,0x91114000)]
=>0x09c54c00 JavaThread "main" [_thread_in_native, id=3537, stack(0xb774b000,0xb779c000)]

Other Threads:
  0x09cf9c00 VMThread [stack: 0x91114000,0x91195000] [id=3540]
  0x90d06400 WatcherThread [stack: 0x90b2c000,0x90bad000] [id=3547]

VM state:not at safepoint (normal execution)

VM Mutex/Monitor currently owned by a thread: None

Heap
 PSYoungGen      total 17280K, used 11814K [0xaa130000, 0xac2b0000, 0xb4680000)
  eden space 16000K, 67% used [0xaa130000,0xaabcdb80,0xab0d0000)
  from space 1280K, 73% used [0xab0d0000,0xab1bbca0,0xab210000)
  to   space 1152K, 0% used [0xac190000,0xac190000,0xac2b0000)
 PSOldGen        total 21184K, used 10500K [0x95680000, 0x96b30000, 0xaa130000)
  object space 21184K, 49% used [0x95680000,0x960c1090,0x96b30000)
 PSPermGen       total 16384K, used 5600K [0x91680000, 0x92680000, 0x95680000)
  object space 16384K, 34% used [0x91680000,0x91bf82d8,0x92680000)

Code Cache  [0xb4743000, 0xb4983000, 0xb7743000)
 total_blobs=254 nmethods=37 adapters=170 free_code_cache=48773Kb largest_free_block=49930624

Dynamic libraries:
00110000-00133000 r-xp 00000000 07:00 26190      /usr/lib/jvm/java-7-oracle/jre/lib/i386/libjava.so
00133000-00134000 rw-p 00022000 07:00 26190      /usr/lib/jvm/java-7-oracle/jre/lib/i386/libjava.so
00134000-0017d000 r-xp 00000000 07:00 26172      /usr/lib/jvm/java-7-oracle/jre/lib/i386/xawt/libmawt.so
0017d000-0017f000 rw-p 00048000 07:00 26172      /usr/lib/jvm/java-7-oracle/jre/lib/i386/xawt/libmawt.so
0017f000-00180000 rw-p 00000000 00:00 0 
00180000-00184000 r-xp 00000000 07:00 132643     /usr/lib/libXtst.so.6.1.0
00184000-00185000 r--p 00003000 07:00 132643     /usr/lib/libXtst.so.6.1.0
00185000-00186000 rw-p 00004000 07:00 132643     /usr/lib/libXtst.so.6.1.0
0018a000-0019d000 r-xp 00000000 07:00 26194      /usr/lib/jvm/java-7-oracle/jre/lib/i386/jli/libjli.so
0019d000-0019e000 rw-p 00012000 07:00 26194      /usr/lib/jvm/java-7-oracle/jre/lib/i386/jli/libjli.so
0019e000-001ab000 r-xp 00000000 07:00 135366     /usr/lib/i386-linux-gnu/libXi.so.6.1.0
001ab000-001ac000 r--p 0000c000 07:00 135366     /usr/lib/i386-linux-gnu/libXi.so.6.1.0
001ac000-001ad000 rw-p 0000d000 07:00 135366     /usr/lib/i386-linux-gnu/libXi.so.6.1.0
001ad000-001c4000 r-xp 00000000 07:00 135498     /usr/lib/i386-linux-gnu/libxcb.so.1.1.0
001c4000-001c5000 r--p 00016000 07:00 135498     /usr/lib/i386-linux-gnu/libxcb.so.1.1.0
001c5000-001c6000 rw-p 00017000 07:00 135498     /usr/lib/i386-linux-gnu/libxcb.so.1.1.0
001c6000-001ca000 r-xp 00000000 07:00 135358     /usr/lib/i386-linux-gnu/libXdmcp.so.6.0.0
001ca000-001cb000 r--p 00003000 07:00 135358     /usr/lib/i386-linux-gnu/libXdmcp.so.6.0.0
001cb000-001cc000 rw-p 00004000 07:00 135358     /usr/lib/i386-linux-gnu/libXdmcp.so.6.0.0
001cc000-001d4000 r-xp 00000000 07:00 135354     /usr/lib/i386-linux-gnu/libXcursor.so.1.0.2
001d4000-001d5000 r--p 00007000 07:00 135354     /usr/lib/i386-linux-gnu/libXcursor.so.1.0.2
001d5000-001d6000 rw-p 00008000 07:00 135354     /usr/lib/i386-linux-gnu/libXcursor.so.1.0.2
001d6000-001f4000 r-xp 00000000 07:00 170490     /usr/lib/libOpenNI.jni.so
001f4000-001f5000 r--p 0001d000 07:00 170490     /usr/lib/libOpenNI.jni.so
001f5000-001f7000 rw-p 0001e000 07:00 170490     /usr/lib/libOpenNI.jni.so
001f7000-00202000 r-xp 00000000 07:00 368        /lib/libusb-1.0.so.0.0.0
00202000-00203000 r--p 0000a000 07:00 368        /lib/libusb-1.0.so.0.0.0
00203000-00204000 rw-p 0000b000 07:00 368        /lib/libusb-1.0.so.0.0.0
00204000-00235000 r-xp 00000000 07:00 169806     /usr/lib/libnimMockNodes.so
00235000-0023b000 r--p 00031000 07:00 169806     /usr/lib/libnimMockNodes.so
0023b000-0023c000 rw-p 00037000 07:00 169806     /usr/lib/libnimMockNodes.so
0023c000-0023f000 r-xp 00000000 07:00 160953     /usr/lib/libXnCore.so
0023f000-00240000 r--p 00002000 07:00 160953     /usr/lib/libXnCore.so
00240000-00241000 rw-p 00003000 07:00 160953     /usr/lib/libXnCore.so
00243000-00256000 r-xp 00000000 07:00 1139       /lib/i386-linux-gnu/libnsl-2.13.so
00256000-00257000 r--p 00012000 07:00 1139       /lib/i386-linux-gnu/libnsl-2.13.so
00257000-00258000 rw-p 00013000 07:00 1139       /lib/i386-linux-gnu/libnsl-2.13.so
00258000-0025a000 rw-p 00000000 00:00 0 
00264000-0026e000 r-xp 00000000 07:00 1145       /lib/i386-linux-gnu/libnss_files-2.13.so
0026e000-0026f000 r--p 00009000 07:00 1145       /lib/i386-linux-gnu/libnss_files-2.13.so
0026f000-00270000 rw-p 0000a000 07:00 1145       /lib/i386-linux-gnu/libnss_files-2.13.so
00270000-002a4000 r-xp 00000000 07:00 167139     /usr/lib/libnimCodecs.so
002a4000-002a5000 ---p 00034000 07:00 167139     /usr/lib/libnimCodecs.so
002a5000-002a7000 r--p 00034000 07:00 167139     /usr/lib/libnimCodecs.so
002a7000-002a8000 rw-p 00036000 07:00 167139     /usr/lib/libnimCodecs.so
002a8000-002c8000 rw-p 00000000 00:00 0 
002e4000-002f9000 r-xp 00000000 07:00 1164       /lib/i386-linux-gnu/libpthread-2.13.so
002f9000-002fa000 r--p 00015000 07:00 1164       /lib/i386-linux-gnu/libpthread-2.13.so
002fa000-002fb000 rw-p 00016000 07:00 1164       /lib/i386-linux-gnu/libpthread-2.13.so
002fb000-002fd000 rw-p 00000000 00:00 0 
002fd000-00379000 r-xp 00000000 07:00 170496     /usr/lib/libOpenNI.so
00379000-0037b000 r--p 0007c000 07:00 170496     /usr/lib/libOpenNI.so
0037b000-0037d000 rw-p 0007e000 07:00 170496     /usr/lib/libOpenNI.so
0037d000-003a0000 r-xp 00000000 07:00 170421     /usr/lib/libnimRecorder.so
003a0000-003a1000 r--p 00023000 07:00 170421     /usr/lib/libnimRecorder.so
003a1000-003a2000 rw-p 00024000 07:00 170421     /usr/lib/libnimRecorder.so
003a2000-003ce000 r-xp 00000000 07:00 170510     /usr/lib/libXnDeviceFile.so
003ce000-003cf000 ---p 0002c000 07:00 170510     /usr/lib/libXnDeviceFile.so
003cf000-003d0000 r--p 0002c000 07:00 170510     /usr/lib/libXnDeviceFile.so
003d0000-003d1000 rw-p 0002d000 07:00 170510     /usr/lib/libXnDeviceFile.so
003e0000-003e4000 r-xp 00000000 07:00 135362     /usr/lib/i386-linux-gnu/libXfixes.so.3.1.0
003e4000-003e5000 r--p 00003000 07:00 135362     /usr/lib/i386-linux-gnu/libXfixes.so.3.1.0
003e5000-003e6000 rw-p 00004000 07:00 135362     /usr/lib/i386-linux-gnu/libXfixes.so.3.1.0
003e6000-003e8000 r-xp 00000000 07:00 1109       /lib/i386-linux-gnu/libdl-2.13.so
003e8000-003e9000 r--p 00001000 07:00 1109       /lib/i386-linux-gnu/libdl-2.13.so
003e9000-003ea000 rw-p 00002000 07:00 1109       /lib/i386-linux-gnu/libdl-2.13.so
003fe000-003ff000 r-xp 00000000 00:00 0          [vdso]
003ff000-00422000 r-xp 00000000 07:00 170516     /usr/lib/libXnFormats.so
00422000-00423000 r--p 00022000 07:00 170516     /usr/lib/libXnFormats.so
00423000-00424000 rw-p 00023000 07:00 170516     /usr/lib/libXnFormats.so
00424000-00444000 rw-p 00000000 00:00 0 
00469000-00480000 r-xp 00000000 07:00 26220      /usr/lib/jvm/java-7-oracle/jre/lib/i386/libzip.so
00480000-00481000 rw-p 00017000 07:00 26220      /usr/lib/jvm/java-7-oracle/jre/lib/i386/libzip.so
004ab000-004cf000 r-xp 00000000 07:00 1136       /lib/i386-linux-gnu/libm-2.13.so
004cf000-004d0000 r--p 00023000 07:00 1136       /lib/i386-linux-gnu/libm-2.13.so
004d0000-004d1000 rw-p 00024000 07:00 1136       /lib/i386-linux-gnu/libm-2.13.so
004d1000-004d4000 ---p 00000000 00:00 0 
004d4000-00522000 rwxp 00000000 00:00 0 
00524000-005aa000 r-xp 00000000 07:00 26170      /usr/lib/jvm/java-7-oracle/jre/lib/i386/libawt.so
005aa000-005b1000 rw-p 00086000 07:00 26170      /usr/lib/jvm/java-7-oracle/jre/lib/i386/libawt.so
005b1000-005d5000 rw-p 00000000 00:00 0 
005d5000-006b4000 r-xp 00000000 07:00 135481     /usr/lib/i386-linux-gnu/libstdc++.so.6.0.14
006b4000-006b8000 r--p 000de000 07:00 135481     /usr/lib/i386-linux-gnu/libstdc++.so.6.0.14
006b8000-006b9000 rw-p 000e2000 07:00 135481     /usr/lib/i386-linux-gnu/libstdc++.so.6.0.14
006b9000-006c0000 rw-p 00000000 00:00 0 
006eb000-006f4000 r-xp 00000000 07:00 1149       /lib/i386-linux-gnu/libnss_nis-2.13.so
006f4000-006f5000 r--p 00008000 07:00 1149       /lib/i386-linux-gnu/libnss_nis-2.13.so
006f5000-006f6000 rw-p 00009000 07:00 1149       /lib/i386-linux-gnu/libnss_nis-2.13.so
006f6000-00702000 r-xp 00000000 07:00 26173      /usr/lib/jvm/java-7-oracle/jre/lib/i386/libverify.so
00702000-00703000 rw-p 0000c000 07:00 26173      /usr/lib/jvm/java-7-oracle/jre/lib/i386/libverify.so
00703000-00755000 r-xp 00000000 07:00 170509     /usr/lib/libXnDDK.so
00755000-00756000 ---p 00052000 07:00 170509     /usr/lib/libXnDDK.so
00756000-00758000 r--p 00052000 07:00 170509     /usr/lib/libXnDDK.so
00758000-00759000 rw-p 00054000 07:00 170509     /usr/lib/libXnDDK.so
007a1000-007ae000 r-xp 00000000 07:00 135360     /usr/lib/i386-linux-gnu/libXext.so.6.4.0
007ae000-007af000 r--p 0000c000 07:00 135360     /usr/lib/i386-linux-gnu/libXext.so.6.4.0
007af000-007b0000 rw-p 0000d000 07:00 135360     /usr/lib/i386-linux-gnu/libXext.so.6.4.0
007fb000-00911000 r-xp 00000000 07:00 135348     /usr/lib/i386-linux-gnu/libX11.so.6.3.0
00911000-00912000 ---p 00116000 07:00 135348     /usr/lib/i386-linux-gnu/libX11.so.6.3.0
00912000-00913000 r--p 00116000 07:00 135348     /usr/lib/i386-linux-gnu/libX11.so.6.3.0
00913000-00915000 rw-p 00117000 07:00 135348     /usr/lib/i386-linux-gnu/libX11.so.6.3.0
00915000-00916000 rw-p 00000000 00:00 0 
00916000-00919000 ---p 00000000 00:00 0 
00919000-00967000 rwxp 00000000 00:00 0 
0097b000-00982000 r-xp 00000000 07:00 1168       /lib/i386-linux-gnu/librt-2.13.so
00982000-00983000 r--p 00006000 07:00 1168       /lib/i386-linux-gnu/librt-2.13.so
00983000-00984000 rw-p 00007000 07:00 1168       /lib/i386-linux-gnu/librt-2.13.so
009cd000-009e7000 r-xp 00000000 07:00 1127       /lib/i386-linux-gnu/libgcc_s.so.1
009e7000-009e8000 r--p 00019000 07:00 1127       /lib/i386-linux-gnu/libgcc_s.so.1
009e8000-009e9000 rw-p 0001a000 07:00 1127       /lib/i386-linux-gnu/libgcc_s.so.1
009e9000-00a83000 r-xp 00000000 07:00 170514     /usr/lib/libXnDeviceSensorV2.so
00a83000-00a8c000 r--p 00099000 07:00 170514     /usr/lib/libXnDeviceSensorV2.so
00a8c000-00a8d000 rw-p 000a2000 07:00 170514     /usr/lib/libXnDeviceSensorV2.so
00a8d000-00b6b000 r-xp 00000000 07:00 167782     /usr/lib/libXnVHandGenerator_1_3_1.so
00b6b000-00b6e000 r--p 000dd000 07:00 167782     /usr/lib/libXnVHandGenerator_1_3_1.so
00b6e000-00b6f000 rw-p 000e0000 07:00 167782     /usr/lib/libXnVHandGenerator_1_3_1.so
00b6f000-00b71000 rw-p 00000000 00:00 0 
00ba9000-00bab000 r-xp 00000000 07:00 135350     /usr/lib/i386-linux-gnu/libXau.so.6.0.0
00bab000-00bac000 r--p 00001000 07:00 135350     /usr/lib/i386-linux-gnu/libXau.so.6.0.0
00bac000-00bad000 rw-p 00002000 07:00 135350     /usr/lib/i386-linux-gnu/libXau.so.6.0.0
00bb0000-00d0a000 r-xp 00000000 07:00 1099       /lib/i386-linux-gnu/libc-2.13.so
00d0a000-00d0b000 ---p 0015a000 07:00 1099       /lib/i386-linux-gnu/libc-2.13.so
00d0b000-00d0d000 r--p 0015a000 07:00 1099       /lib/i386-linux-gnu/libc-2.13.so
00d0d000-00d0e000 rw-p 0015c000 07:00 1099       /lib/i386-linux-gnu/libc-2.13.so
00d0e000-00d11000 rw-p 00000000 00:00 0 
00d11000-00de5000 r-xp 00000000 07:00 167783     /usr/lib/libXnVHandGenerator_1_4_1.so
00de5000-00de6000 ---p 000d4000 07:00 167783     /usr/lib/libXnVHandGenerator_1_4_1.so
00de6000-00de8000 r--p 000d4000 07:00 167783     /usr/lib/libXnVHandGenerator_1_4_1.so
00de8000-00de9000 rw-p 000d6000 07:00 167783     /usr/lib/libXnVHandGenerator_1_4_1.so
00de9000-00deb000 rw-p 00000000 00:00 0 
00e3c000-00e42000 r-xp 00000000 07:00 1141       /lib/i386-linux-gnu/libnss_compat-2.13.so
00e42000-00e43000 r--p 00005000 07:00 1141       /lib/i386-linux-gnu/libnss_compat-2.13.so
00e43000-00e44000 rw-p 00006000 07:00 1141       /lib/i386-linux-gnu/libnss_compat-2.13.so
00eac000-00eb4000 r-xp 00000000 07:00 135372     /usr/lib/i386-linux-gnu/libXrender.so.1.3.0
00eb4000-00eb5000 r--p 00007000 07:00 135372     /usr/lib/i386-linux-gnu/libXrender.so.1.3.0
00eb5000-00eb6000 rw-p 00008000 07:00 135372     /usr/lib/i386-linux-gnu/libXrender.so.1.3.0
00ed8000-00ef4000 r-xp 00000000 07:00 1086       /lib/i386-linux-gnu/ld-2.13.so
00ef4000-00ef5000 r--p 0001b000 07:00 1086       /lib/i386-linux-gnu/ld-2.13.so
00ef5000-00ef6000 rw-p 0001c000 07:00 1086       /lib/i386-linux-gnu/ld-2.13.so
00ef6000-0165a000 r-xp 00000000 07:00 26219      /usr/lib/jvm/java-7-oracle/jre/lib/i386/server/libjvm.so
0165a000-016a5000 rw-p 00763000 07:00 26219      /usr/lib/jvm/java-7-oracle/jre/lib/i386/server/libjvm.so
016a5000-01ac4000 rw-p 00000000 00:00 0 
01ac4000-01eb7000 r-xp 00000000 07:00 167780     /usr/lib/libXnVFeatures_1_5_0.so
01eb7000-01eb8000 ---p 003f3000 07:00 167780     /usr/lib/libXnVFeatures_1_5_0.so
01eb8000-01ec0000 r--p 003f3000 07:00 167780     /usr/lib/libXnVFeatures_1_5_0.so
01ec0000-01ec1000 rw-p 003fb000 07:00 167780     /usr/lib/libXnVFeatures_1_5_0.so
01ec1000-01ed5000 rw-p 00000000 00:00 0 
01ed5000-01ed6000 ---p 00000000 00:00 0 
01ed6000-026d6000 rwxp 00000000 00:00 0 
0411c000-041f1000 r-xp 00000000 07:00 167784     /usr/lib/libXnVHandGenerator_1_4_2.so
041f1000-041f2000 ---p 000d5000 07:00 167784     /usr/lib/libXnVHandGenerator_1_4_2.so
041f2000-041f4000 r--p 000d5000 07:00 167784     /usr/lib/libXnVHandGenerator_1_4_2.so
041f4000-041f5000 rw-p 000d7000 07:00 167784     /usr/lib/libXnVHandGenerator_1_4_2.so
041f5000-041f7000 rw-p 00000000 00:00 0 
06ee8000-070cf000 r-xp 00000000 07:00 167779     /usr/lib/libXnVFeatures_1_4_2.so
070cf000-070d2000 r--p 001e6000 07:00 167779     /usr/lib/libXnVFeatures_1_4_2.so
070d2000-070d3000 rw-p 001e9000 07:00 167779     /usr/lib/libXnVFeatures_1_4_2.so
070d3000-070d8000 rw-p 00000000 00:00 0 
0752a000-075b5000 r-xp 00000000 07:00 167799     /usr/lib/libXnDeviceSensorV2KM.so
075b5000-075be000 r--p 0008a000 07:00 167799     /usr/lib/libXnDeviceSensorV2KM.so
075be000-075bf000 rw-p 00093000 07:00 167799     /usr/lib/libXnDeviceSensorV2KM.so
07daf000-07f96000 r-xp 00000000 07:00 167778     /usr/lib/libXnVFeatures_1_4_1.so
07f96000-07f99000 r--p 001e6000 07:00 167778     /usr/lib/libXnVFeatures_1_4_1.so
07f99000-07f9a000 rw-p 001e9000 07:00 167778     /usr/lib/libXnVFeatures_1_4_1.so
07f9a000-07f9f000 rw-p 00000000 00:00 0 
08048000-08049000 r-xp 00000000 07:00 25208      /usr/lib/jvm/java-7-oracle/bin/java
08049000-0804a000 rw-p 00000000 07:00 25208      /usr/lib/jvm/java-7-oracle/bin/java
08c9a000-08d7a000 r-xp 00000000 07:00 167785     /usr/lib/libXnVHandGenerator_1_5_0.so
08d7a000-08d7d000 r--p 000df000 07:00 167785     /usr/lib/libXnVHandGenerator_1_5_0.so
08d7d000-08d7e000 rw-p 000e2000 07:00 167785     /usr/lib/libXnVHandGenerator_1_5_0.so
08d7e000-08d8a000 rw-p 00000000 00:00 0 
08e16000-09034000 r-xp 00000000 07:00 167777     /usr/lib/libXnVFeatures_1_3_1.so
09034000-09035000 ---p 0021e000 07:00 167777     /usr/lib/libXnVFeatures_1_3_1.so
09035000-09038000 r--p 0021e000 07:00 167777     /usr/lib/libXnVFeatures_1_3_1.so
09038000-09039000 rw-p 00221000 07:00 167777     /usr/lib/libXnVFeatures_1_3_1.so
09039000-0903e000 rw-p 00000000 00:00 0 
09c4f000-09f4a000 rw-p 00000000 00:00 0          [heap]
7f57b000-7f65d000 rw-p 00000000 00:00 0 
7f99b000-7fb14000 rw-p 00000000 00:00 0 
7fb14000-7fc40000 rw-s 00000000 00:04 26443787   /SYSV00000000 (deleted)
7fc41000-7fe9c000 rw-p 00000000 00:00 0 
7fe9c000-7fe9d000 rw-s 00000000 00:10 539729     /dev/shm/045e.02ae@2.11-SM
7fe9e000-8087e000 rw-p 00000000 00:00 0 
80915000-80b00000 rw-p 00000000 00:00 0 
80b00000-80bf7000 rw-p 00000000 00:00 0 
80bf7000-80c00000 ---p 00000000 00:00 0 
80c00000-80cfc000 rw-p 00000000 00:00 0 
80cfc000-80d00000 ---p 00000000 00:00 0 
80d00000-80efd000 rw-p 00000000 00:00 0 
80efd000-80f00000 ---p 00000000 00:00 0 
80f00000-81100000 rw-p 00000000 00:00 0 
81100000-811ff000 rw-p 00000000 00:00 0 
811ff000-81200000 ---p 00000000 00:00 0 
81200000-81300000 rw-p 00000000 00:00 0 
81300000-814ff000 rw-p 00000000 00:00 0 
814ff000-81500000 ---p 00000000 00:00 0 
81500000-81700000 rw-p 00000000 00:00 0 
81700000-81900000 rw-p 00000000 00:00 0 
81900000-81b00000 rw-p 00000000 00:00 0 
81b00000-81d00000 rw-p 00000000 00:00 0 
81d00000-81f00000 rw-p 00000000 00:00 0 
81f00000-82100000 rw-p 00000000 00:00 0 
82100000-82300000 rw-p 00000000 00:00 0 
82300000-82500000 rw-p 00000000 00:00 0 
82500000-82700000 rw-p 00000000 00:00 0 
82700000-82900000 rw-p 00000000 00:00 0 
82900000-82b00000 rw-p 00000000 00:00 0 
82b00000-82d00000 rw-p 00000000 00:00 0 
82d00000-82f00000 rw-p 00000000 00:00 0 
82f00000-82fff000 rw-p 00000000 00:00 0 
82fff000-83000000 ---p 00000000 00:00 0 
83000000-830ff000 rw-p 00000000 00:00 0 
830ff000-83100000 ---p 00000000 00:00 0 
83100000-83300000 rw-p 00000000 00:00 0 
83300000-83500000 rw-p 00000000 00:00 0 
83500000-83700000 rw-p 00000000 00:00 0 
83700000-83900000 rw-p 00000000 00:00 0 
83900000-83b00000 rw-p 00000000 00:00 0 
83b00000-83d00000 rw-p 00000000 00:00 0 
83d00000-83f00000 rw-p 00000000 00:00 0 
83f00000-84100000 rw-p 00000000 00:00 0 
84100000-84300000 rw-p 00000000 00:00 0 
84300000-84500000 rw-p 00000000 00:00 0 
84500000-84700000 rw-p 00000000 00:00 0 
84700000-84800000 rw-p 00000000 00:00 0 
84849000-84c2c000 rw-p 00000000 00:00 0 
84c2d000-8a700000 rw-p 00000000 00:00 0 
8a700000-8a800000 rw-p 00000000 00:00 0 
8a843000-8b700000 rw-p 00000000 00:00 0 
8b700000-8b800000 rw-p 00000000 00:00 0 
8b869000-8b900000 rw-p 00000000 00:00 0 
8b900000-8b9f8000 rw-p 00000000 00:00 0 
8b9f8000-8ba00000 ---p 00000000 00:00 0 
8ba69000-8bb00000 rw-p 00000000 00:00 0 
8bb00000-8bc00000 rw-p 00000000 00:00 0 
8bc60000-8be00000 rw-p 00000000 00:00 0 
8be00000-8beff000 rw-p 00000000 00:00 0 
8beff000-8bf00000 ---p 00000000 00:00 0 
8bf00000-8bffa000 rw-p 00000000 00:00 0 
8bffa000-8c000000 ---p 00000000 00:00 0 
8c000000-8c0f7000 rw-p 00000000 00:00 0 
8c0f7000-8c100000 ---p 00000000 00:00 0 
8c102000-8d200000 rw-p 00000000 00:00 0 
8d200000-8d2f9000 rw-p 00000000 00:00 0 
8d2f9000-8d300000 ---p 00000000 00:00 0 
8d31d000-8d400000 rw-p 00000000 00:00 0 
8d400000-8d4ff000 rw-p 00000000 00:00 0 
8d4ff000-8d500000 ---p 00000000 00:00 0 
8d514000-8d600000 rw-p 00000000 00:00 0 
8d600000-8d6ff000 rw-p 00000000 00:00 0 
8d6ff000-8d700000 ---p 00000000 00:00 0 
8d70b000-8da00000 rw-p 00000000 00:00 0 
8da00000-8dc00000 rw-p 00000000 00:00 0 
8dc00000-8dcfd000 rw-p 00000000 00:00 0 
8dcfd000-8dd00000 ---p 00000000 00:00 0 
8dd00000-8de00000 rw-p 00000000 00:00 0 
8de00000-8df00000 rw-p 00000000 00:00 0 
8df0c000-90002000 r--s 00000000 00:10 538055     /dev/shm/3551_045e.02ae@2.11_Image
90002000-900e4000 rw-p 00000000 00:00 0 
900e4000-90468000 r--s 00000000 00:10 538053     /dev/shm/3551_045e.02ae@2.11_Depth
90468000-90900000 rw-p 00000000 00:00 0 
90900000-909f6000 rw-p 00000000 00:00 0 
909f6000-90a00000 ---p 00000000 00:00 0 
90a12000-90a8a000 rw-p 00000000 00:00 0 
90a8a000-90b2c000 rwxp 00000000 00:00 0 
90b2c000-90b2d000 ---p 00000000 00:00 0 
90b2d000-90bfe000 rwxp 00000000 00:00 0 
90bfe000-90bff000 ---p 00000000 00:00 0 
90bff000-90c7f000 rwxp 00000000 00:00 0 
90c7f000-90c80000 ---p 00000000 00:00 0 
90c80000-90d00000 rwxp 00000000 00:00 0 
90d00000-90dff000 rw-p 00000000 00:00 0 
90dff000-90e00000 ---p 00000000 00:00 0 
90e0e000-90e21000 r--s 000c1000 07:00 182586     /home/hh354/javacv-bin/javacv.jar
90e21000-90e72000 rwxp 00000000 00:00 0 
90e72000-91072000 r--p 00000000 07:00 138505     /usr/lib/locale/locale-archive
91072000-91114000 rwxp 00000000 00:00 0 
91114000-91115000 ---p 00000000 00:00 0 
91115000-91195000 rwxp 00000000 00:00 0 
91195000-911e0000 rw-p 00000000 00:00 0 
911e0000-9139f000 r--s 039fa000 07:00 25674      /usr/lib/jvm/java-7-oracle/jre/lib/rt.jar
9139f000-913a0000 ---p 00000000 00:00 0 
913a0000-91420000 rwxp 00000000 00:00 0 
91420000-91421000 ---p 00000000 00:00 0 
91421000-914a1000 rwxp 00000000 00:00 0 
914a1000-914a9000 rw-p 00000000 00:00 0 
914a9000-914c1000 rw-p 00000000 00:00 0 
914c1000-914cc000 rw-p 00000000 00:00 0 
914cc000-91567000 rw-p 00000000 00:00 0 
91567000-9156f000 rw-p 00000000 00:00 0 
9156f000-91587000 rw-p 00000000 00:00 0 
91587000-91592000 rw-p 00000000 00:00 0 
91592000-9162c000 rw-p 00000000 00:00 0 
9162c000-9163e000 rw-p 00000000 00:00 0 
9163e000-9167f000 rw-p 00000000 00:00 0 
9167f000-92680000 rw-p 00000000 00:00 0 
92680000-95680000 rw-p 00000000 00:00 0 
95680000-96b30000 rw-p 00000000 00:00 0 
96b30000-aa130000 rw-p 00000000 00:00 0 
aa130000-ac2b0000 rw-p 00000000 00:00 0 
ac2b0000-b4680000 rw-p 00000000 00:00 0 
b4683000-b468c000 rw-p 00000000 00:00 0 
b468c000-b4743000 rw-p 00000000 00:00 0 
b4743000-b4983000 rwxp 00000000 00:00 0 
b4983000-b7743000 rw-p 00000000 00:00 0 
b7743000-b774b000 rw-s 00000000 07:00 322025     /tmp/hsperfdata_hh354/3532
b774b000-b774c000 ---p 00000000 00:00 0 
b774c000-b779c000 rwxp 00000000 00:00 0 
b779c000-b779e000 rw-p 00000000 00:00 0 
b77a1000-b77a5000 r--s 0001b000 07:00 424479     /home/hh354/kinect/OpenNI/Jar/org.OpenNI.jar
b77a5000-b77a6000 r--s 0011c000 07:00 182585     /home/hh354/javacv-bin/javacv-windows-x86_64.jar
b77a6000-b77a8000 r--s 000da000 07:00 182583     /home/hh354/javacv-bin/javacv-windows-x86.jar
b77a8000-b77a9000 r--s 0011e000 07:00 182587     /home/hh354/javacv-bin/javacv-macosx-x86_64.jar
b77a9000-b77aa000 r--s 00135000 07:00 175036     /home/hh354/javacv-bin/javacv-linux-x86_64.jar
b77aa000-b77ab000 r--s 00125000 07:00 182571     /home/hh354/javacv-bin/javacv-linux-x86.jar
b77ab000-b77ad000 r--s 00011000 07:00 182582     /home/hh354/javacv-bin/javacpp.jar
b77ad000-b77ae000 r--p 002a1000 07:00 138505     /usr/lib/locale/locale-archive
b77ae000-b77af000 rw-p 00000000 00:00 0 
b77af000-b77b0000 r--p 00000000 00:00 0 
b77b0000-b77b2000 rw-p 00000000 00:00 0 
bfa10000-bfa30000 rwxp 00000000 00:00 0          [stack]
bfa30000-bfa31000 rw-p 00000000 00:00 0 

VM Arguments:
jvm_args: -Dfile.encoding=UTF-8 -XX:MaxDirectMemorySize=256m 
java_command: kinectdemo.UserTrackerApplication
Launcher Type: SUN_STANDARD

Environment Variables:
PATH=/usr/local/sbin:/usr/local/bin:/usr/sbin:/usr/bin:/sbin:/bin:/usr/games
USERNAME=hh354
SHELL=/bin/bash
DISPLAY=:0

Signal Handlers:
SIGSEGV: [libjvm.so+0x6ddc10], sa_mask[0]=0x7ffbfeff, sa_flags=0x10000004
SIGBUS: [libjvm.so+0x6ddc10], sa_mask[0]=0x7ffbfeff, sa_flags=0x10000004
SIGFPE: [libjvm.so+0x59e1e0], sa_mask[0]=0x7ffbfeff, sa_flags=0x10000004
SIGPIPE: [libjvm.so+0x59e1e0], sa_mask[0]=0x7ffbfeff, sa_flags=0x10000004
SIGXFSZ: [libjvm.so+0x59e1e0], sa_mask[0]=0x7ffbfeff, sa_flags=0x10000004
SIGILL: [libjvm.so+0x59e1e0], sa_mask[0]=0x7ffbfeff, sa_flags=0x10000004
SIGUSR1: SIG_DFL, sa_mask[0]=0x00000000, sa_flags=0x00000000
SIGUSR2: [libjvm.so+0x59dae0], sa_mask[0]=0x00000004, sa_flags=0x10000004
SIGHUP: [libjvm.so+0x5a01f0], sa_mask[0]=0x7ffbfeff, sa_flags=0x10000004
SIGINT: SIG_IGN, sa_mask[0]=0x00000000, sa_flags=0x00000000
SIGTERM: [libjvm.so+0x5a01f0], sa_mask[0]=0x7ffbfeff, sa_flags=0x10000004
SIGQUIT: [libjvm.so+0x5a01f0], sa_mask[0]=0x7ffbfeff, sa_flags=0x10000004


---------------  S Y S T E M  ---------------

OS:squeeze/sid

uname:Linux 2.6.38-8-generic #42-Ubuntu SMP Mon Apr 11 03:31:50 UTC 2011 i686
libc:glibc 2.13 NPTL 2.13 
rlimit: STACK 8192k, CORE 0k, NPROC infinity, NOFILE 4096, AS infinity
load average:0.42 0.23 0.23

/proc/meminfo:
MemTotal:        2027788 kB
MemFree:           61048 kB
Buffers:          331064 kB
Cached:           509884 kB
SwapCached:         2168 kB
Active:          1013628 kB
Inactive:         858152 kB
Active(anon):     707152 kB
Inactive(anon):   346600 kB
Active(file):     306476 kB
Inactive(file):   511552 kB
Unevictable:        2204 kB
Mlocked:              32 kB
HighTotal:       1154760 kB
HighFree:           2180 kB
LowTotal:         873028 kB
LowFree:           58868 kB
SwapTotal:        262136 kB
SwapFree:         251824 kB
Dirty:              1544 kB
Writeback:             0 kB
AnonPages:       1031768 kB
Mapped:            85176 kB
Shmem:             20480 kB
Slab:              40868 kB
SReclaimable:      25428 kB
SUnreclaim:        15440 kB
KernelStack:        2912 kB
PageTables:         6600 kB
NFS_Unstable:          0 kB
Bounce:                0 kB
WritebackTmp:          0 kB
CommitLimit:     1276028 kB
Committed_AS:    2442544 kB
VmallocTotal:     122880 kB
VmallocUsed:       34000 kB
VmallocChunk:      81436 kB
HardwareCorrupted:     0 kB
HugePages_Total:       0
HugePages_Free:        0
HugePages_Rsvd:        0
HugePages_Surp:        0
Hugepagesize:       4096 kB
DirectMap4k:       12280 kB
DirectMap4M:      897024 kB


CPU:total 2 (2 cores per cpu, 1 threads per core) family 6 model 15 stepping 10, cmov, cx8, fxsr, mmx, sse, sse2, sse3, ssse3

/proc/cpuinfo:
processor	: 0
vendor_id	: GenuineIntel
cpu family	: 6
model		: 15
model name	: Intel(R) Core(TM)2 Duo CPU     T7500  @ 2.20GHz
stepping	: 10
cpu MHz		: 2201.000
cache size	: 4096 KB
physical id	: 0
siblings	: 2
core id		: 0
cpu cores	: 2
apicid		: 0
initial apicid	: 0
fdiv_bug	: no
hlt_bug		: no
f00f_bug	: no
coma_bug	: no
fpu		: yes
fpu_exception	: yes
cpuid level	: 10
wp		: yes
flags		: fpu vme de pse tsc msr pae mce cx8 apic mtrr pge mca cmov pat pse36 clflush dts acpi mmx fxsr sse sse2 ss ht tm pbe nx lm constant_tsc arch_perfmon pebs bts aperfmperf pni dtes64 monitor ds_cpl vmx est tm2 ssse3 cx16 xtpr pdcm lahf_lm ida dts tpr_shadow vnmi flexpriority
bogomips	: 4388.74
clflush size	: 64
cache_alignment	: 64
address sizes	: 36 bits physical, 48 bits virtual
power management:

processor	: 1
vendor_id	: GenuineIntel
cpu family	: 6
model		: 15
model name	: Intel(R) Core(TM)2 Duo CPU     T7500  @ 2.20GHz
stepping	: 10
cpu MHz		: 2201.000
cache size	: 4096 KB
physical id	: 0
siblings	: 2
core id		: 1
cpu cores	: 2
apicid		: 1
initial apicid	: 1
fdiv_bug	: no
hlt_bug		: no
f00f_bug	: no
coma_bug	: no
fpu		: yes
fpu_exception	: yes
cpuid level	: 10
wp		: yes
flags		: fpu vme de pse tsc msr pae mce cx8 apic mtrr pge mca cmov pat pse36 clflush dts acpi mmx fxsr sse sse2 ss ht tm pbe nx lm constant_tsc arch_perfmon pebs bts aperfmperf pni dtes64 monitor ds_cpl vmx est tm2 ssse3 cx16 xtpr pdcm lahf_lm ida dts tpr_shadow vnmi flexpriority
bogomips	: 4388.96
clflush size	: 64
cache_alignment	: 64
address sizes	: 36 bits physical, 48 bits virtual
power management:



Memory: 4k page, physical 2027788k(61048k free), swap 262136k(251824k free)

vm_info: Java HotSpot(TM) Server VM (21.0-b17) for linux-x86 JRE (1.7.0-b147), built on Jun 27 2011 01:49:33 by "java_re" with gcc 4.3.0 20080428 (Red Hat 4.3.0-8)

time: Fri Dec 16 15:23:46 2011
elapsed time: 11 seconds

