#
# A fatal error has been detected by the Java Runtime Environment:
#
#  SIGSEGV (0xb) at pc=0x0892851e, pid=17752, tid=3079072624
#
# JRE version: 7.0-b147
# Java VM: Java HotSpot(TM) Server VM (21.0-b17 mixed mode linux-x86 )
# Problematic frame:
# C  [libXnVFeatures_1_5_0.so+0x22351e]  LBS::LBS(LBSEngine*)+0x35e
#
# Failed to write core dump. Core dumps have been disabled. To enable core dumping, try "ulimit -c unlimited" before starting Java again
#
# If you would like to submit a bug report, please visit:
#   http://bugreport.sun.com/bugreport/crash.jsp
# The crash happened outside the Java Virtual Machine in native code.
# See problematic frame for where to report the bug.
#

---------------  T H R E A D  ---------------

Current thread (0x09b61c00):  JavaThread "main" [_thread_in_native, id=17756, stack(0xb781e000,0xb786f000)]

siginfo:si_signo=SIGSEGV: si_errno=0, si_code=1 (SEGV_MAPERR), si_addr=0x8b800000

Registers:
EAX=0x634d24f4, EBX=0x08b00ff4, ECX=0x000000b5, EDX=0x00000050
ESP=0xb786d7e0, EBP=0xb786d828, ESI=0x8b800000, EDI=0x634d27c4
EIP=0x0892851e, EFLAGS=0x00210206, CR2=0x8b800000

Top of Stack: (sp=0xb786d7e0)
0xb786d7e0:   06f32ff4 80818860 b786d808 06f32ff4
0xb786d7f0:   0012d010 63787d20 634d2008 634d2100
0xb786d800:   08afd570 08afd590 ffffffff 0000003c
0xb786d810:   6404c088 808446f8 089281cb 08b00ff4
0xb786d820:   80818860 634d2008 b786d9e8 088317dd
0xb786d830:   634d2008 8ae67008 b786d9cf 00000000
0xb786d840:   00000001 09c481d8 00d5fdae 00bf9e8a
0xb786d850:   00d5fdae 00000000 808411b0 b786d9a0 

Instructions: (pc=0x0892851e)
0x089284fe:   00 00 00 00 8b b6 ec 05 00 00 c7 87 04 d0 12 00
0x0892850e:   00 00 00 00 c7 87 08 d0 12 00 00 00 00 00 89 c7
0x0892851e:   f3 a5 83 c4 3c 5b 5e 5f 5d c3 83 7d d4 00 8b 7d
0x0892852e:   d0 74 6d ba 0b 00 00 00 2b 55 e0 6b d2 30 8d b4 

Register to memory mapping:

EAX=0x634d24f4 is an unknown value
EBX=0x08b00ff4: <offset 0x3fbff4> in /usr/lib/libXnVFeatures_1_5_0.so at 0x08705000
ECX=0x000000b5 is an unknown value
EDX=0x00000050 is an unknown value
ESP=0xb786d7e0 is pointing into the stack for thread: 0x09b61c00
EBP=0xb786d828 is pointing into the stack for thread: 0x09b61c00
ESI=0x8b800000 is an unknown value
EDI=0x634d27c4 is an unknown value


Stack: [0xb781e000,0xb786f000],  sp=0xb786d7e0,  free space=317k
Native frames: (J=compiled Java code, j=interpreted, Vv=VM code, C=native code)
C  [libXnVFeatures_1_5_0.so+0x22351e]  LBS::LBS(LBSEngine*)+0x35e
C  [libXnVFeatures_1_5_0.so+0x12c7dd]  FeatureExtractor::FeatureExtractor(MultiResDepthMapContainer&, SceneAnalyzer const*, FeatureExtractorSharedData&, int, LBSEngine*, std::string const&)+0x1cfd
C  [libXnVFeatures_1_5_0.so+0x19620c]  MultiUserFeatureExtractor::CreateFeatureExtractor(int)+0xcc
C  [libXnVFeatures_1_5_0.so+0x43382]  XnVSkeletonGenerator::UpdateUsers()+0x822
C  [libXnVFeatures_1_5_0.so+0x34c52]  XnVSkeletonCrossHandsPose::UpdateUsers()+0x22
C  [libXnVFeatures_1_5_0.so+0x49822]  XnVSkeletonSelectionPoseGenerator::UpdateUsers()+0x22
C  [libXnVFeatures_1_5_0.so+0x3a5dd]  XnVSkeletonGenerator::UpdateData()+0x6d
C  [libXnVFeatures_1_5_0.so+0x27077]  __ModuleUpdateData(void*)+0x47
C  [libOpenNI.so+0x3528f]  xnUpdateDataImpl(XnInternalNodeData*)+0x5f
C  [libOpenNI.so+0x374a0]  xnUpdateTreeImpl(XnProductionNodesSet*, XnNodeInfo const*)+0x390
C  [libOpenNI.so+0x3a939]  xnUpdateAll(XnContext*)+0x239
C  [libOpenNI.so+0x3ae0f]  xnWaitAnyUpdateAll+0x7f
C  [libOpenNI.jni.so+0x1110d]  Java_org_OpenNI_NativeMethods_xnWaitAnyUpdateAll+0x1d
j  org.OpenNI.NativeMethods.xnWaitAnyUpdateAll(J)I+0
j  org.OpenNI.Context.waitAnyUpdateAll()V+4
J  kinectdemo.UserTracker.updateDepth()V
j  kinectdemo.UserTrackerApplication.main([Ljava/lang/String;)V+62
v  ~StubRoutines::call_stub
V  [libjvm.so+0x3e42ad]  JavaCalls::call_helper(JavaValue*, methodHandle*, JavaCallArguments*, Thread*)+0x2fd
V  [libjvm.so+0x59c599]  os::os_exception_wrapper(void (*)(JavaValue*, methodHandle*, JavaCallArguments*, Thread*), JavaValue*, methodHandle*, JavaCallArguments*, Thread*)+0x19
V  [libjvm.so+0x3e30df]  JavaCalls::call(JavaValue*, methodHandle, JavaCallArguments*, Thread*)+0x2f
V  [libjvm.so+0x3ef79a]  jni_invoke_static(JNIEnv_*, JavaValue*, _jobject*, JNICallType, _jmethodID*, JNI_ArgumentPusher*, Thread*)+0x23a
V  [libjvm.so+0x3f6d2b]  jni_CallStaticVoidMethod+0xbb
C  [libjli.so+0x31cc]  JavaMain+0x98c
C  [libpthread.so.0+0x5e99]  start_thread+0xd9

Java frames: (J=compiled Java code, j=interpreted, Vv=VM code)
j  org.OpenNI.NativeMethods.xnWaitAnyUpdateAll(J)I+0
j  org.OpenNI.Context.waitAnyUpdateAll()V+4
J  kinectdemo.UserTracker.updateDepth()V
j  kinectdemo.UserTrackerApplication.run()V+11
j  kinectdemo.UserTrackerApplication.main([Ljava/lang/String;)V+62
v  ~StubRoutines::call_stub

---------------  P R O C E S S  ---------------

Java Threads: ( => current thread )
  0x80c0c800 JavaThread "AWT-EventQueue-0" [_thread_blocked, id=17774, stack(0x00b14000,0x00b65000)]
  0x80c0b400 JavaThread "AWT-Shutdown" [_thread_blocked, id=17773, stack(0x006cc000,0x0071d000)]
  0x90ab7000 JavaThread "AWT-XAWT" daemon [_thread_in_native, id=17768, stack(0x90b57000,0x90ba8000)]
  0x90a8a800 JavaThread "Java2D Disposer" daemon [_thread_blocked, id=17767, stack(0x90ba8000,0x90bf9000)]
  0x913bbc00 JavaThread "Service Thread" daemon [_thread_blocked, id=17765, stack(0x90c7a000,0x90ccb000)]
  0x913b9c00 JavaThread "C2 CompilerThread1" daemon [_thread_blocked, id=17764, stack(0x90ccb000,0x90d4c000)]
  0x913b7c00 JavaThread "C2 CompilerThread0" daemon [_thread_blocked, id=17763, stack(0x90d4c000,0x90dcd000)]
  0x913b6000 JavaThread "Signal Dispatcher" daemon [_thread_blocked, id=17762, stack(0x90dcd000,0x90e1e000)]
  0x9137d400 JavaThread "Finalizer" daemon [_thread_blocked, id=17761, stack(0x9101e000,0x9106f000)]
  0x9137b800 JavaThread "Reference Handler" daemon [_thread_blocked, id=17760, stack(0x9106f000,0x910c0000)]
=>0x09b61c00 JavaThread "main" [_thread_in_native, id=17756, stack(0xb781e000,0xb786f000)]

Other Threads:
  0x91375c00 VMThread [stack: 0x910c0000,0x91141000] [id=17759]
  0x913bd800 WatcherThread [stack: 0x90bf9000,0x90c7a000] [id=17766]

VM state:not at safepoint (normal execution)

VM Mutex/Monitor currently owned by a thread: None

Heap
 PSYoungGen      total 9280K, used 1129K [0xaa200000, 0xaac50000, 0xb4750000)
  eden space 8000K, 14% used [0xaa200000,0xaa31a5b8,0xaa9d0000)
  from space 1280K, 0% used [0xaa9d0000,0xaa9d0000,0xaab10000)
  to   space 1280K, 0% used [0xaab10000,0xaab10000,0xaac50000)
 PSOldGen        total 21184K, used 4715K [0x95750000, 0x96c00000, 0xaa200000)
  object space 21184K, 22% used [0x95750000,0x95beacd0,0x96c00000)
 PSPermGen       total 16384K, used 6946K [0x91750000, 0x92750000, 0x95750000)
  object space 16384K, 42% used [0x91750000,0x91e18818,0x92750000)

Code Cache  [0xb4816000, 0xb4a56000, 0xb7816000)
 total_blobs=355 nmethods=106 adapters=202 free_code_cache=48701Kb largest_free_block=49848512

Dynamic libraries:
00110000-00134000 r-xp 00000000 07:00 1136       /lib/i386-linux-gnu/libm-2.13.so
00134000-00135000 r--p 00023000 07:00 1136       /lib/i386-linux-gnu/libm-2.13.so
00135000-00136000 rw-p 00024000 07:00 1136       /lib/i386-linux-gnu/libm-2.13.so
00136000-0024c000 r-xp 00000000 07:00 135348     /usr/lib/i386-linux-gnu/libX11.so.6.3.0
0024c000-0024d000 ---p 00116000 07:00 135348     /usr/lib/i386-linux-gnu/libX11.so.6.3.0
0024d000-0024e000 r--p 00116000 07:00 135348     /usr/lib/i386-linux-gnu/libX11.so.6.3.0
0024e000-00250000 rw-p 00117000 07:00 135348     /usr/lib/i386-linux-gnu/libX11.so.6.3.0
00250000-00251000 rw-p 00000000 00:00 0 
00251000-00268000 r-xp 00000000 07:00 135498     /usr/lib/i386-linux-gnu/libxcb.so.1.1.0
00268000-00269000 r--p 00016000 07:00 135498     /usr/lib/i386-linux-gnu/libxcb.so.1.1.0
00269000-0026a000 rw-p 00017000 07:00 135498     /usr/lib/i386-linux-gnu/libxcb.so.1.1.0
0026a000-00272000 r-xp 00000000 07:00 135354     /usr/lib/i386-linux-gnu/libXcursor.so.1.0.2
00272000-00273000 r--p 00007000 07:00 135354     /usr/lib/i386-linux-gnu/libXcursor.so.1.0.2
00273000-00274000 rw-p 00008000 07:00 135354     /usr/lib/i386-linux-gnu/libXcursor.so.1.0.2
00274000-00292000 r-xp 00000000 07:00 170490     /usr/lib/libOpenNI.jni.so
00292000-00293000 r--p 0001d000 07:00 170490     /usr/lib/libOpenNI.jni.so
00293000-00295000 rw-p 0001e000 07:00 170490     /usr/lib/libOpenNI.jni.so
00295000-002af000 r-xp 00000000 07:00 1127       /lib/i386-linux-gnu/libgcc_s.so.1
002af000-002b0000 r--p 00019000 07:00 1127       /lib/i386-linux-gnu/libgcc_s.so.1
002b0000-002b1000 rw-p 0001a000 07:00 1127       /lib/i386-linux-gnu/libgcc_s.so.1
002b1000-002bc000 r-xp 00000000 07:00 368        /lib/libusb-1.0.so.0.0.0
002bc000-002bd000 r--p 0000a000 07:00 368        /lib/libusb-1.0.so.0.0.0
002bd000-002be000 rw-p 0000b000 07:00 368        /lib/libusb-1.0.so.0.0.0
002be000-002f2000 r-xp 00000000 07:00 167139     /usr/lib/libnimCodecs.so
002f2000-002f3000 ---p 00034000 07:00 167139     /usr/lib/libnimCodecs.so
002f3000-002f5000 r--p 00034000 07:00 167139     /usr/lib/libnimCodecs.so
002f5000-002f6000 rw-p 00036000 07:00 167139     /usr/lib/libnimCodecs.so
002f6000-00316000 rw-p 00000000 00:00 0 
00316000-00319000 r-xp 00000000 07:00 160953     /usr/lib/libXnCore.so
00319000-0031a000 r--p 00002000 07:00 160953     /usr/lib/libXnCore.so
0031a000-0031b000 rw-p 00003000 07:00 160953     /usr/lib/libXnCore.so
0031b000-0033e000 r-xp 00000000 07:00 170516     /usr/lib/libXnFormats.so
0033e000-0033f000 r--p 00022000 07:00 170516     /usr/lib/libXnFormats.so
0033f000-00340000 rw-p 00023000 07:00 170516     /usr/lib/libXnFormats.so
00340000-00360000 rw-p 00000000 00:00 0 
00360000-00365000 r-xp 00000000 07:00 133222     /usr/lib/libogg.so.0.7.0
00365000-00366000 r--p 00004000 07:00 133222     /usr/lib/libogg.so.0.7.0
00366000-00367000 rw-p 00005000 07:00 133222     /usr/lib/libogg.so.0.7.0
0036a000-0036c000 r-xp 00000000 07:00 1109       /lib/i386-linux-gnu/libdl-2.13.so
0036c000-0036d000 r--p 00001000 07:00 1109       /lib/i386-linux-gnu/libdl-2.13.so
0036d000-0036e000 rw-p 00002000 07:00 1109       /lib/i386-linux-gnu/libdl-2.13.so
0036e000-003c0000 r-xp 00000000 07:00 170509     /usr/lib/libXnDDK.so
003c0000-003c1000 ---p 00052000 07:00 170509     /usr/lib/libXnDDK.so
003c1000-003c3000 r--p 00052000 07:00 170509     /usr/lib/libXnDDK.so
003c3000-003c4000 rw-p 00054000 07:00 170509     /usr/lib/libXnDDK.so
003c4000-003e7000 r-xp 00000000 07:00 170976     /usr/lib/libtbb.so.2
003e7000-003e8000 ---p 00023000 07:00 170976     /usr/lib/libtbb.so.2
003e8000-003e9000 r--p 00023000 07:00 170976     /usr/lib/libtbb.so.2
003e9000-003ea000 rw-p 00024000 07:00 170976     /usr/lib/libtbb.so.2
003ea000-003eb000 rw-p 00000000 00:00 0 
003eb000-003f4000 r-xp 00000000 07:00 1149       /lib/i386-linux-gnu/libnss_nis-2.13.so
003f4000-003f5000 r--p 00008000 07:00 1149       /lib/i386-linux-gnu/libnss_nis-2.13.so
003f5000-003f6000 rw-p 00009000 07:00 1149       /lib/i386-linux-gnu/libnss_nis-2.13.so
003f6000-00422000 r-xp 00000000 07:00 170510     /usr/lib/libXnDeviceFile.so
00422000-00423000 ---p 0002c000 07:00 170510     /usr/lib/libXnDeviceFile.so
00423000-00424000 r--p 0002c000 07:00 170510     /usr/lib/libXnDeviceFile.so
00424000-00425000 rw-p 0002d000 07:00 170510     /usr/lib/libXnDeviceFile.so
00425000-00430000 r-xp 00000000 07:00 322037     /tmp/libjniswscale4000358582164454293.so
00430000-00431000 rw-p 0000a000 07:00 322037     /tmp/libjniswscale4000358582164454293.so
00431000-00435000 r-xp 00000000 07:00 169263     /usr/lib/libImath.so.6.0.0
00435000-00436000 r--p 00003000 07:00 169263     /usr/lib/libImath.so.6.0.0
00436000-00437000 rw-p 00004000 07:00 169263     /usr/lib/libImath.so.6.0.0
00439000-0043d000 r-xp 00000000 07:00 135362     /usr/lib/i386-linux-gnu/libXfixes.so.3.1.0
0043d000-0043e000 r--p 00003000 07:00 135362     /usr/lib/i386-linux-gnu/libXfixes.so.3.1.0
0043e000-0043f000 rw-p 00004000 07:00 135362     /usr/lib/i386-linux-gnu/libXfixes.so.3.1.0
0043f000-00452000 r-xp 00000000 07:00 1182       /lib/i386-linux-gnu/libz.so.1.2.3.4
00452000-00453000 r--p 00012000 07:00 1182       /lib/i386-linux-gnu/libz.so.1.2.3.4
00453000-00454000 rw-p 00013000 07:00 1182       /lib/i386-linux-gnu/libz.so.1.2.3.4
00454000-0045e000 r-xp 00000000 07:00 135461     /usr/lib/i386-linux-gnu/libpangocairo-1.0.so.0.2800.4
0045e000-0045f000 r--p 00009000 07:00 135461     /usr/lib/i386-linux-gnu/libpangocairo-1.0.so.0.2800.4
0045f000-00460000 rw-p 0000a000 07:00 135461     /usr/lib/i386-linux-gnu/libpangocairo-1.0.so.0.2800.4
00460000-00462000 r-xp 00000000 07:00 135417     /usr/lib/i386-linux-gnu/libgmodule-2.0.so.0.2800.6
00462000-00463000 r--p 00002000 07:00 135417     /usr/lib/i386-linux-gnu/libgmodule-2.0.so.0.2800.6
00463000-00464000 rw-p 00003000 07:00 135417     /usr/lib/i386-linux-gnu/libgmodule-2.0.so.0.2800.6
00464000-00466000 r-xp 00000000 07:00 135352     /usr/lib/i386-linux-gnu/libXcomposite.so.1.0.0
00466000-00467000 r--p 00001000 07:00 135352     /usr/lib/i386-linux-gnu/libXcomposite.so.1.0.0
00467000-00468000 rw-p 00002000 07:00 135352     /usr/lib/i386-linux-gnu/libXcomposite.so.1.0.0
00468000-0047f000 r-xp 00000000 07:00 26220      /usr/lib/jvm/java-7-oracle/jre/lib/i386/libzip.so
0047f000-00480000 rw-p 00017000 07:00 26220      /usr/lib/jvm/java-7-oracle/jre/lib/i386/libzip.so
00480000-00497000 r-xp 00000000 07:00 322034     /tmp/libjniavutil6476801723429227842.so
00497000-00498000 rw-p 00016000 07:00 322034     /tmp/libjniavutil6476801723429227842.so
00498000-004bd000 r-xp 00000000 07:00 133455     /usr/lib/libvorbis.so.0.4.5
004bd000-004be000 r--p 00025000 07:00 133455     /usr/lib/libvorbis.so.0.4.5
004be000-004bf000 rw-p 00026000 07:00 133455     /usr/lib/libvorbis.so.0.4.5
004bf000-004c2000 r-xp 00000000 07:00 135431     /usr/lib/i386-linux-gnu/libgthread-2.0.so.0.2800.6
004c2000-004c3000 r--p 00003000 07:00 135431     /usr/lib/i386-linux-gnu/libgthread-2.0.so.0.2800.6
004c3000-004c4000 rw-p 00004000 07:00 135431     /usr/lib/i386-linux-gnu/libgthread-2.0.so.0.2800.6
004c4000-004ca000 r-xp 00000000 07:00 169264     /usr/lib/libIlmThread.so.6.0.0
004ca000-004cb000 r--p 00005000 07:00 169264     /usr/lib/libIlmThread.so.6.0.0
004cb000-004cc000 rw-p 00006000 07:00 169264     /usr/lib/libIlmThread.so.6.0.0
004cf000-004dc000 r-xp 00000000 07:00 135360     /usr/lib/i386-linux-gnu/libXext.so.6.4.0
004dc000-004dd000 r--p 0000c000 07:00 135360     /usr/lib/i386-linux-gnu/libXext.so.6.4.0
004dd000-004de000 rw-p 0000d000 07:00 135360     /usr/lib/i386-linux-gnu/libXext.so.6.4.0
004de000-004f6000 r-xp 00000000 07:00 133407     /usr/lib/libtheoradec.so.1.1.4
004f6000-004f7000 r--p 00017000 07:00 133407     /usr/lib/libtheoradec.so.1.1.4
004f7000-004f8000 rw-p 00018000 07:00 133407     /usr/lib/libtheoradec.so.1.1.4
004f8000-004fa000 r-xp 00000000 07:00 135356     /usr/lib/i386-linux-gnu/libXdamage.so.1.1.0
004fa000-004fb000 r--p 00001000 07:00 135356     /usr/lib/i386-linux-gnu/libXdamage.so.1.1.0
004fb000-004fc000 rw-p 00002000 07:00 135356     /usr/lib/i386-linux-gnu/libXdamage.so.1.1.0
004fc000-004fe000 r-xp 00000000 07:00 135368     /usr/lib/i386-linux-gnu/libXinerama.so.1.0.0
004fe000-004ff000 r--p 00001000 07:00 135368     /usr/lib/i386-linux-gnu/libXinerama.so.1.0.0
004ff000-00500000 rw-p 00002000 07:00 135368     /usr/lib/i386-linux-gnu/libXinerama.so.1.0.0
00500000-00502000 r-xp 00000000 07:00 135496     /usr/lib/i386-linux-gnu/libxcb-shm.so.0.0.0
00502000-00503000 r--p 00001000 07:00 135496     /usr/lib/i386-linux-gnu/libxcb-shm.so.0.0.0
00503000-00504000 rw-p 00002000 07:00 135496     /usr/lib/i386-linux-gnu/libxcb-shm.so.0.0.0
00505000-00528000 r-xp 00000000 07:00 26190      /usr/lib/jvm/java-7-oracle/jre/lib/i386/libjava.so
00528000-00529000 rw-p 00022000 07:00 26190      /usr/lib/jvm/java-7-oracle/jre/lib/i386/libjava.so
00529000-00541000 r-xp 00000000 07:00 169435     /usr/lib/libopencore-amrwb.so.0.0.2
00541000-00542000 r--p 00017000 07:00 169435     /usr/lib/libopencore-amrwb.so.0.0.2
00542000-00543000 rw-p 00018000 07:00 169435     /usr/lib/libopencore-amrwb.so.0.0.2
00543000-00549000 r-xp 00000000 07:00 135370     /usr/lib/i386-linux-gnu/libXrandr.so.2.2.0
00549000-0054a000 r--p 00005000 07:00 135370     /usr/lib/i386-linux-gnu/libXrandr.so.2.2.0
0054a000-0054b000 rw-p 00006000 07:00 135370     /usr/lib/i386-linux-gnu/libXrandr.so.2.2.0
0054d000-0055b000 r-xp 00000000 07:00 168753     /usr/lib/libfaac.so.0.0.0
0055b000-0055c000 r--p 0000d000 07:00 168753     /usr/lib/libfaac.so.0.0.0
0055c000-0055f000 rw-p 0000e000 07:00 168753     /usr/lib/libfaac.so.0.0.0
0055f000-00565000 r-xp 00000000 07:00 135492     /usr/lib/i386-linux-gnu/libxcb-render.so.0.0.0
00565000-00566000 r--p 00005000 07:00 135492     /usr/lib/i386-linux-gnu/libxcb-render.so.0.0.0
00566000-00567000 rw-p 00006000 07:00 135492     /usr/lib/i386-linux-gnu/libxcb-render.so.0.0.0
0056b000-006c5000 r-xp 00000000 07:00 1099       /lib/i386-linux-gnu/libc-2.13.so
006c5000-006c6000 ---p 0015a000 07:00 1099       /lib/i386-linux-gnu/libc-2.13.so
006c6000-006c8000 r--p 0015a000 07:00 1099       /lib/i386-linux-gnu/libc-2.13.so
006c8000-006c9000 rw-p 0015c000 07:00 1099       /lib/i386-linux-gnu/libc-2.13.so
006c9000-006cc000 rw-p 00000000 00:00 0 
006cc000-006cf000 ---p 00000000 00:00 0 
006cf000-0071d000 rwxp 00000000 00:00 0 
0071d000-00733000 r-xp 00000000 07:00 169261     /usr/lib/libIex.so.6.0.0
00733000-00735000 r--p 00015000 07:00 169261     /usr/lib/libIex.so.6.0.0
00735000-00736000 rw-p 00017000 07:00 169261     /usr/lib/libIex.so.6.0.0
00737000-00743000 r-xp 00000000 07:00 26173      /usr/lib/jvm/java-7-oracle/jre/lib/i386/libverify.so
00743000-00744000 rw-p 0000c000 07:00 26173      /usr/lib/jvm/java-7-oracle/jre/lib/i386/libverify.so
00744000-00762000 r-xp 00000000 07:00 135438     /usr/lib/i386-linux-gnu/libjpeg.so.62.0.0
00762000-00763000 r--p 0001d000 07:00 135438     /usr/lib/i386-linux-gnu/libjpeg.so.62.0.0
00763000-00764000 rw-p 0001e000 07:00 135438     /usr/lib/i386-linux-gnu/libjpeg.so.62.0.0
00764000-00773000 r-xp 00000000 07:00 301        /lib/libbz2.so.1.0.4
00773000-00774000 r--p 0000f000 07:00 301        /lib/libbz2.so.1.0.4
00774000-00775000 rw-p 00010000 07:00 301        /lib/libbz2.so.1.0.4
00776000-007a7000 r-xp 00000000 07:00 169806     /usr/lib/libnimMockNodes.so
007a7000-007ad000 r--p 00031000 07:00 169806     /usr/lib/libnimMockNodes.so
007ad000-007ae000 rw-p 00037000 07:00 169806     /usr/lib/libnimMockNodes.so
007ae000-007bc000 r-xp 00000000 07:00 322040     /tmp/libjniopencv_highgui1035322659615303502.so
007bc000-007bd000 rw-p 0000d000 07:00 322040     /tmp/libjniopencv_highgui1035322659615303502.so
007c1000-007dc000 r-xp 00000000 07:00 319539     /usr/local/lib/libavutil.so.50.40.1
007dc000-007dd000 r--p 0001a000 07:00 319539     /usr/local/lib/libavutil.so.50.40.1
007dd000-007de000 rw-p 0001b000 07:00 319539     /usr/local/lib/libavutil.so.50.40.1
007de000-007e1000 rw-p 00000000 00:00 0 
007e1000-007e4000 r-xp 00000000 07:00 132715     /usr/lib/libcanberra-gtk.so.0.1.8
007e4000-007e5000 r--p 00002000 07:00 132715     /usr/lib/libcanberra-gtk.so.0.1.8
007e5000-007e6000 rw-p 00003000 07:00 132715     /usr/lib/libcanberra-gtk.so.0.1.8
007e6000-007f3000 r-xp 00000000 07:00 135366     /usr/lib/i386-linux-gnu/libXi.so.6.1.0
007f3000-007f4000 r--p 0000c000 07:00 135366     /usr/lib/i386-linux-gnu/libXi.so.6.1.0
007f4000-007f5000 rw-p 0000d000 07:00 135366     /usr/lib/i386-linux-gnu/libXi.so.6.1.0
007f5000-00806000 r-xp 00000000 07:00 1166       /lib/i386-linux-gnu/libresolv-2.13.so
00806000-00807000 r--p 00010000 07:00 1166       /lib/i386-linux-gnu/libresolv-2.13.so
00807000-00808000 rw-p 00011000 07:00 1166       /lib/i386-linux-gnu/libresolv-2.13.so
00808000-0080a000 rw-p 00000000 00:00 0 
0080c000-0082f000 r-xp 00000000 07:00 170421     /usr/lib/libnimRecorder.so
0082f000-00830000 r--p 00023000 07:00 170421     /usr/lib/libnimRecorder.so
00830000-00831000 rw-p 00024000 07:00 170421     /usr/lib/libnimRecorder.so
00831000-00862000 r-xp 00000000 07:00 169414     /usr/lib/libopencore-amrnb.so.0.0.2
00862000-00863000 r--p 00030000 07:00 169414     /usr/lib/libopencore-amrnb.so.0.0.2
00863000-00864000 rw-p 00031000 07:00 169414     /usr/lib/libopencore-amrnb.so.0.0.2
00864000-00868000 r-xp 00000000 07:00 135275     /usr/lib/gtk-2.0/modules/libcanberra-gtk-module.so
00868000-00869000 r--p 00003000 07:00 135275     /usr/lib/gtk-2.0/modules/libcanberra-gtk-module.so
00869000-0086a000 rw-p 00004000 07:00 135275     /usr/lib/gtk-2.0/modules/libcanberra-gtk-module.so
0086c000-0087f000 r-xp 00000000 07:00 26194      /usr/lib/jvm/java-7-oracle/jre/lib/i386/jli/libjli.so
0087f000-00880000 rw-p 00012000 07:00 26194      /usr/lib/jvm/java-7-oracle/jre/lib/i386/jli/libjli.so
00880000-008c2000 r-xp 00000000 07:00 133409     /usr/lib/libtheoraenc.so.1.1.2
008c2000-008c3000 r--p 00041000 07:00 133409     /usr/lib/libtheoraenc.so.1.1.2
008c3000-008c4000 rw-p 00042000 07:00 133409     /usr/lib/libtheoraenc.so.1.1.2
008c4000-008cb000 r-xp 00000000 07:00 133143     /usr/lib/libltdl.so.7.2.1
008cb000-008cc000 r--p 00006000 07:00 133143     /usr/lib/libltdl.so.7.2.1
008cc000-008cd000 rw-p 00007000 07:00 133143     /usr/lib/libltdl.so.7.2.1
008ce000-00954000 r-xp 00000000 07:00 26170      /usr/lib/jvm/java-7-oracle/jre/lib/i386/libawt.so
00954000-0095b000 rw-p 00086000 07:00 26170      /usr/lib/jvm/java-7-oracle/jre/lib/i386/libawt.so
0095b000-0097f000 rw-p 00000000 00:00 0 
0097f000-00998000 r-xp 00000000 07:00 135380     /usr/lib/i386-linux-gnu/libatk-1.0.so.0.9.1
00998000-00999000 ---p 00019000 07:00 135380     /usr/lib/i386-linux-gnu/libatk-1.0.so.0.9.1
00999000-0099a000 r--p 00019000 07:00 135380     /usr/lib/i386-linux-gnu/libatk-1.0.so.0.9.1
0099a000-0099b000 rw-p 0001a000 07:00 135380     /usr/lib/i386-linux-gnu/libatk-1.0.so.0.9.1
0099b000-009a2000 r-xp 00000000 07:00 1168       /lib/i386-linux-gnu/librt-2.13.so
009a2000-009a3000 r--p 00006000 07:00 1168       /lib/i386-linux-gnu/librt-2.13.so
009a3000-009a4000 rw-p 00007000 07:00 1168       /lib/i386-linux-gnu/librt-2.13.so
009a4000-00a3e000 r-xp 00000000 07:00 170514     /usr/lib/libXnDeviceSensorV2.so
00a3e000-00a47000 r--p 00099000 07:00 170514     /usr/lib/libXnDeviceSensorV2.so
00a47000-00a48000 rw-p 000a2000 07:00 170514     /usr/lib/libXnDeviceSensorV2.so
00a48000-00a6b000 r-xp 00000000 07:00 21207      /lib/i386-linux-gnu/libpng12.so.0.44.0
00a6b000-00a6c000 r--p 00022000 07:00 21207      /lib/i386-linux-gnu/libpng12.so.0.44.0
00a6c000-00a6d000 rw-p 00023000 07:00 21207      /lib/i386-linux-gnu/libpng12.so.0.44.0
00a74000-00a78000 r-xp 00000000 07:00 132643     /usr/lib/libXtst.so.6.1.0
00a78000-00a79000 r--p 00003000 07:00 132643     /usr/lib/libXtst.so.6.1.0
00a79000-00a7a000 rw-p 00004000 07:00 132643     /usr/lib/libXtst.so.6.1.0
00a7a000-00a83000 r-xp 00000000 07:00 133235     /usr/lib/liboverlay-scrollbar-0.1.so.0.0.0
00a83000-00a84000 r--p 00008000 07:00 133235     /usr/lib/liboverlay-scrollbar-0.1.so.0.0.0
00a84000-00a85000 rw-p 00009000 07:00 133235     /usr/lib/liboverlay-scrollbar-0.1.so.0.0.0
00a8b000-00a95000 r-xp 00000000 07:00 1145       /lib/i386-linux-gnu/libnss_files-2.13.so
00a95000-00a96000 r--p 00009000 07:00 1145       /lib/i386-linux-gnu/libnss_files-2.13.so
00a96000-00a97000 rw-p 0000a000 07:00 1145       /lib/i386-linux-gnu/libnss_files-2.13.so
00a97000-00abc000 r-xp 00000000 07:00 135463     /usr/lib/i386-linux-gnu/libpangoft2-1.0.so.0.2800.4
00abc000-00abd000 ---p 00025000 07:00 135463     /usr/lib/i386-linux-gnu/libpangoft2-1.0.so.0.2800.4
00abd000-00abe000 r--p 00025000 07:00 135463     /usr/lib/i386-linux-gnu/libpangoft2-1.0.so.0.2800.4
00abe000-00abf000 rw-p 00026000 07:00 135463     /usr/lib/i386-linux-gnu/libpangoft2-1.0.so.0.2800.4
00ac2000-00ac3000 r-xp 00000000 00:00 0          [vdso]
00ac8000-00b11000 r-xp 00000000 07:00 26172      /usr/lib/jvm/java-7-oracle/jre/lib/i386/xawt/libmawt.so
00b11000-00b13000 rw-p 00048000 07:00 26172      /usr/lib/jvm/java-7-oracle/jre/lib/i386/xawt/libmawt.so
00b13000-00b14000 rw-p 00000000 00:00 0 
00b14000-00b17000 ---p 00000000 00:00 0 
00b17000-00b65000 rwxp 00000000 00:00 0 
00b65000-00b9e000 r-xp 00000000 07:00 319535     /usr/local/lib/libswscale.so.0.13.0
00b9e000-00b9f000 r--p 00038000 07:00 319535     /usr/local/lib/libswscale.so.0.13.0
00b9f000-00ba0000 rw-p 00039000 07:00 319535     /usr/local/lib/libswscale.so.0.13.0
00ba3000-00c1f000 r-xp 00000000 07:00 170496     /usr/lib/libOpenNI.so
00c1f000-00c21000 r--p 0007c000 07:00 170496     /usr/lib/libOpenNI.so
00c21000-00c23000 rw-p 0007e000 07:00 170496     /usr/lib/libOpenNI.so
00c23000-00c74000 r-xp 00000000 07:00 322036     /tmp/libjniavformat2833063456093231261.so
00c74000-00c75000 rw-p 00051000 07:00 322036     /tmp/libjniavformat2833063456093231261.so
00c75000-00c7c000 r-xp 00000000 07:00 135253     /usr/lib/gtk-2.0/2.10.0/engines/libpixmap.so
00c7c000-00c7d000 ---p 00007000 07:00 135253     /usr/lib/gtk-2.0/2.10.0/engines/libpixmap.so
00c7d000-00c7e000 r--p 00007000 07:00 135253     /usr/lib/gtk-2.0/2.10.0/engines/libpixmap.so
00c7e000-00c7f000 rw-p 00008000 07:00 135253     /usr/lib/gtk-2.0/2.10.0/engines/libpixmap.so
00c81000-00c87000 r-xp 00000000 07:00 1141       /lib/i386-linux-gnu/libnss_compat-2.13.so
00c87000-00c88000 r--p 00005000 07:00 1141       /lib/i386-linux-gnu/libnss_compat-2.13.so
00c88000-00c89000 rw-p 00006000 07:00 1141       /lib/i386-linux-gnu/libnss_compat-2.13.so
00c96000-00cab000 r-xp 00000000 07:00 1164       /lib/i386-linux-gnu/libpthread-2.13.so
00cab000-00cac000 r--p 00015000 07:00 1164       /lib/i386-linux-gnu/libpthread-2.13.so
00cac000-00cad000 rw-p 00016000 07:00 1164       /lib/i386-linux-gnu/libpthread-2.13.so
00cad000-00caf000 rw-p 00000000 00:00 0 
00caf000-00cca000 r-xp 00000000 07:00 132872     /usr/lib/libgdk_pixbuf-2.0.so.0.2300.3
00cca000-00ccb000 r--p 0001a000 07:00 132872     /usr/lib/libgdk_pixbuf-2.0.so.0.2300.3
00ccb000-00ccc000 rw-p 0001b000 07:00 132872     /usr/lib/libgdk_pixbuf-2.0.so.0.2300.3
00ccc000-00cda000 r-xp 00000000 07:00 132717     /usr/lib/libcanberra.so.0.2.5
00cda000-00cdb000 r--p 0000d000 07:00 132717     /usr/lib/libcanberra.so.0.2.5
00cdb000-00cdc000 rw-p 0000e000 07:00 132717     /usr/lib/libcanberra.so.0.2.5
00ce6000-00ce8000 r-xp 00000000 07:00 135350     /usr/lib/i386-linux-gnu/libXau.so.6.0.0
00ce8000-00ce9000 r--p 00001000 07:00 135350     /usr/lib/i386-linux-gnu/libXau.so.6.0.0
00ce9000-00cea000 rw-p 00002000 07:00 135350     /usr/lib/i386-linux-gnu/libXau.so.6.0.0
00cea000-00d75000 r-xp 00000000 07:00 167799     /usr/lib/libXnDeviceSensorV2KM.so
00d75000-00d7e000 r--p 0008a000 07:00 167799     /usr/lib/libXnDeviceSensorV2KM.so
00d7e000-00d7f000 rw-p 00093000 07:00 167799     /usr/lib/libXnDeviceSensorV2KM.so
00d8d000-00d95000 r-xp 00000000 07:00 135372     /usr/lib/i386-linux-gnu/libXrender.so.1.3.0
00d95000-00d96000 r--p 00007000 07:00 135372     /usr/lib/i386-linux-gnu/libXrender.so.1.3.0
00d96000-00d97000 rw-p 00008000 07:00 135372     /usr/lib/i386-linux-gnu/libXrender.so.1.3.0
00d97000-00dc4000 r-xp 00000000 07:00 135406     /usr/lib/i386-linux-gnu/libfontconfig.so.1.4.4
00dc4000-00dc5000 r--p 0002c000 07:00 135406     /usr/lib/i386-linux-gnu/libfontconfig.so.1.4.4
00dc5000-00dc6000 rw-p 0002d000 07:00 135406     /usr/lib/i386-linux-gnu/libfontconfig.so.1.4.4
00dc6000-00e47000 r-xp 00000000 07:00 322030     /tmp/libjniopencv_core8836484355690288792.so
00e47000-00e48000 rw-p 00081000 07:00 322030     /tmp/libjniopencv_core8836484355690288792.so
00e48000-00e4f000 r-xp 00000000 07:00 133459     /usr/lib/libvorbisfile.so.3.3.4
00e4f000-00e50000 r--p 00006000 07:00 133459     /usr/lib/libvorbisfile.so.3.3.4
00e50000-00e51000 rw-p 00007000 07:00 133459     /usr/lib/libvorbisfile.so.3.3.4
00e5b000-00e6e000 r-xp 00000000 07:00 1139       /lib/i386-linux-gnu/libnsl-2.13.so
00e6e000-00e6f000 r--p 00012000 07:00 1139       /lib/i386-linux-gnu/libnsl-2.13.so
00e6f000-00e70000 rw-p 00013000 07:00 1139       /lib/i386-linux-gnu/libnsl-2.13.so
00e70000-00e72000 rw-p 00000000 00:00 0 
00e72000-00e81000 r-xp 00000000 07:00 133393     /usr/lib/libtdb.so.1.2.9
00e81000-00e82000 r--p 0000e000 07:00 133393     /usr/lib/libtdb.so.1.2.9
00e82000-00e83000 rw-p 0000f000 07:00 133393     /usr/lib/libtdb.so.1.2.9
00e84000-00e88000 r-xp 00000000 07:00 135358     /usr/lib/i386-linux-gnu/libXdmcp.so.6.0.0
00e88000-00e89000 r--p 00003000 07:00 135358     /usr/lib/i386-linux-gnu/libXdmcp.so.6.0.0
00e89000-00e8a000 rw-p 00004000 07:00 135358     /usr/lib/i386-linux-gnu/libXdmcp.so.6.0.0
00e8a000-00ec8000 r-xp 00000000 07:00 322038     /tmp/libjniopencv_imgproc3989603134865910475.so
00ec8000-00ec9000 rw-p 0003d000 07:00 322038     /tmp/libjniopencv_imgproc3989603134865910475.so
00ecc000-00ee8000 r-xp 00000000 07:00 1086       /lib/i386-linux-gnu/ld-2.13.so
00ee8000-00ee9000 r--p 0001b000 07:00 1086       /lib/i386-linux-gnu/ld-2.13.so
00ee9000-00eea000 rw-p 0001c000 07:00 1086       /lib/i386-linux-gnu/ld-2.13.so
00eea000-0164e000 r-xp 00000000 07:00 26219      /usr/lib/jvm/java-7-oracle/jre/lib/i386/server/libjvm.so
0164e000-01699000 rw-p 00763000 07:00 26219      /usr/lib/jvm/java-7-oracle/jre/lib/i386/server/libjvm.so
01699000-01ab8000 rw-p 00000000 00:00 0 
01ab8000-01b96000 r-xp 00000000 07:00 167782     /usr/lib/libXnVHandGenerator_1_3_1.so
01b96000-01b99000 r--p 000dd000 07:00 167782     /usr/lib/libXnVHandGenerator_1_3_1.so
01b99000-01b9a000 rw-p 000e0000 07:00 167782     /usr/lib/libXnVHandGenerator_1_3_1.so
01b9a000-01b9c000 rw-p 00000000 00:00 0 
01b9c000-0213b000 r-xp 00000000 07:00 319527     /usr/local/lib/libavcodec.so.52.120.0
0213b000-0213c000 r--p 0059f000 07:00 319527     /usr/local/lib/libavcodec.so.52.120.0
0213c000-02148000 rw-p 005a0000 07:00 319527     /usr/local/lib/libavcodec.so.52.120.0
02148000-0269a000 rw-p 00000000 00:00 0 
0269a000-02733000 r-xp 00000000 07:00 169678     /usr/lib/libxvidcore.so.4.2
02733000-02734000 r--p 00098000 07:00 169678     /usr/lib/libxvidcore.so.4.2
02734000-0273e000 rw-p 00099000 07:00 169678     /usr/lib/libxvidcore.so.4.2
0273e000-027a8000 rw-p 00000000 00:00 0 
027a8000-0290d000 r-xp 00000000 07:00 133457     /usr/lib/libvorbisenc.so.2.0.8
0290d000-0290e000 ---p 00165000 07:00 133457     /usr/lib/libvorbisenc.so.2.0.8
0290e000-0291f000 r--p 00165000 07:00 133457     /usr/lib/libvorbisenc.so.2.0.8
0291f000-02920000 rw-p 00176000 07:00 133457     /usr/lib/libvorbisenc.so.2.0.8
02920000-02a17000 r-xp 00000000 07:00 319523     /usr/local/lib/libavformat.so.52.108.0
02a17000-02a18000 r--p 000f6000 07:00 319523     /usr/local/lib/libavformat.so.52.108.0
02a18000-02a1f000 rw-p 000f7000 07:00 319523     /usr/local/lib/libavformat.so.52.108.0
02a1f000-02a59000 r-xp 00000000 07:00 321865     /usr/local/lib/libopencv_highgui.so.2.3.1
02a59000-02a5a000 r--p 0003a000 07:00 321865     /usr/local/lib/libopencv_highgui.so.2.3.1
02a5a000-02a5b000 rw-p 0003b000 07:00 321865     /usr/local/lib/libopencv_highgui.so.2.3.1
02a5b000-02a9d000 r-xp 00000000 07:00 135436     /usr/lib/i386-linux-gnu/libjasper.so.1.0.0
02a9d000-02a9e000 r--p 00041000 07:00 135436     /usr/lib/i386-linux-gnu/libjasper.so.1.0.0
02a9e000-02aa1000 rw-p 00042000 07:00 135436     /usr/lib/i386-linux-gnu/libjasper.so.1.0.0
02aa1000-02aa7000 rw-p 00000000 00:00 0 
02aa7000-02ae5000 r-xp 00000000 07:00 135459     /usr/lib/i386-linux-gnu/libpango-1.0.so.0.2800.4
02ae5000-02ae6000 r--p 0003e000 07:00 135459     /usr/lib/i386-linux-gnu/libpango-1.0.so.0.2800.4
02ae6000-02ae7000 rw-p 0003f000 07:00 135459     /usr/lib/i386-linux-gnu/libpango-1.0.so.0.2800.4
02b0e000-02cf5000 r-xp 00000000 07:00 167779     /usr/lib/libXnVFeatures_1_4_2.so
02cf5000-02cf8000 r--p 001e6000 07:00 167779     /usr/lib/libXnVFeatures_1_4_2.so
02cf8000-02cf9000 rw-p 001e9000 07:00 167779     /usr/lib/libXnVFeatures_1_4_2.so
02cf9000-02cfe000 rw-p 00000000 00:00 0 
02cfe000-02dbe000 r-xp 00000000 07:00 169456     /usr/lib/libIlmImf.so.6.0.0
02dbe000-02dc0000 r--p 000bf000 07:00 169456     /usr/lib/libIlmImf.so.6.0.0
02dc0000-02dc1000 rw-p 000c1000 07:00 169456     /usr/lib/libIlmImf.so.6.0.0
02dc1000-03192000 r-xp 00000000 07:00 133012     /usr/lib/libgtk-x11-2.0.so.0.2400.4
03192000-03196000 r--p 003d0000 07:00 133012     /usr/lib/libgtk-x11-2.0.so.0.2400.4
03196000-03198000 rw-p 003d4000 07:00 133012     /usr/lib/libgtk-x11-2.0.so.0.2400.4
03198000-0319a000 rw-p 00000000 00:00 0 
0319a000-0322f000 r-xp 00000000 07:00 132870     /usr/lib/libgdk-x11-2.0.so.0.2400.4
0322f000-03230000 ---p 00095000 07:00 132870     /usr/lib/libgdk-x11-2.0.so.0.2400.4
03230000-03232000 r--p 00095000 07:00 132870     /usr/lib/libgdk-x11-2.0.so.0.2400.4
03232000-03233000 rw-p 00097000 07:00 132870     /usr/lib/libgdk-x11-2.0.so.0.2400.4
03233000-032e1000 r-xp 00000000 07:00 132707     /usr/lib/libcairo.so.2.11000.2
032e1000-032e2000 ---p 000ae000 07:00 132707     /usr/lib/libcairo.so.2.11000.2
032e2000-032e3000 r--p 000ae000 07:00 132707     /usr/lib/libcairo.so.2.11000.2
032e3000-032e4000 rw-p 000af000 07:00 132707     /usr/lib/libcairo.so.2.11000.2
032e4000-032e6000 rw-p 00000000 00:00 0 
032e6000-03367000 r-xp 00000000 07:00 167886     /usr/lib/i386-linux-gnu/libfreetype.so.6.6.2
03367000-0336b000 r--p 00080000 07:00 167886     /usr/lib/i386-linux-gnu/libfreetype.so.6.6.2
0336b000-0336c000 rw-p 00084000 07:00 167886     /usr/lib/i386-linux-gnu/libfreetype.so.6.6.2
0336c000-03441000 r-xp 00000000 07:00 1131       /lib/i386-linux-gnu/libglib-2.0.so.0.2800.6
03441000-03442000 r--p 000d4000 07:00 1131       /lib/i386-linux-gnu/libglib-2.0.so.0.2800.6
03442000-03443000 rw-p 000d5000 07:00 1131       /lib/i386-linux-gnu/libglib-2.0.so.0.2800.6
03443000-03469000 r-xp 00000000 07:00 1122       /lib/i386-linux-gnu/libexpat.so.1.5.2
03469000-0346a000 ---p 00026000 07:00 1122       /lib/i386-linux-gnu/libexpat.so.1.5.2
0346a000-0346c000 r--p 00026000 07:00 1122       /lib/i386-linux-gnu/libexpat.so.1.5.2
0346c000-0346d000 rw-p 00028000 07:00 1122       /lib/i386-linux-gnu/libexpat.so.1.5.2
03734000-03776000 r-xp 00000000 07:00 169262     /usr/lib/libHalf.so.6.0.0
03776000-03777000 r--p 00041000 07:00 169262     /usr/lib/libHalf.so.6.0.0
03777000-03778000 rw-p 00042000 07:00 169262     /usr/lib/libHalf.so.6.0.0
03ce3000-03de1000 r-xp 00000000 07:00 135415     /usr/lib/i386-linux-gnu/libgio-2.0.so.0.2800.6
03de1000-03de2000 ---p 000fe000 07:00 135415     /usr/lib/i386-linux-gnu/libgio-2.0.so.0.2800.6
03de2000-03de4000 r--p 000fe000 07:00 135415     /usr/lib/i386-linux-gnu/libgio-2.0.so.0.2800.6
03de4000-03de5000 rw-p 00100000 07:00 135415     /usr/lib/i386-linux-gnu/libgio-2.0.so.0.2800.6
03de5000-03de6000 rw-p 00000000 00:00 0 
0409c000-0409d000 ---p 00000000 00:00 0 
0409d000-0489d000 rwxp 00000000 00:00 0 
04e49000-04f1d000 r-xp 00000000 07:00 167783     /usr/lib/libXnVHandGenerator_1_4_1.so
04f1d000-04f1e000 ---p 000d4000 07:00 167783     /usr/lib/libXnVHandGenerator_1_4_1.so
04f1e000-04f20000 r--p 000d4000 07:00 167783     /usr/lib/libXnVHandGenerator_1_4_1.so
04f20000-04f21000 rw-p 000d6000 07:00 167783     /usr/lib/libXnVHandGenerator_1_4_1.so
04f21000-04f23000 rw-p 00000000 00:00 0 
064f5000-06532000 r-xp 00000000 07:00 1161       /lib/i386-linux-gnu/libpcre.so.3.12.1
06532000-06533000 r--p 0003c000 07:00 1161       /lib/i386-linux-gnu/libpcre.so.3.12.1
06533000-06534000 rw-p 0003d000 07:00 1161       /lib/i386-linux-gnu/libpcre.so.3.12.1
065bc000-06691000 r-xp 00000000 07:00 167784     /usr/lib/libXnVHandGenerator_1_4_2.so
06691000-06692000 ---p 000d5000 07:00 167784     /usr/lib/libXnVHandGenerator_1_4_2.so
06692000-06694000 r--p 000d5000 07:00 167784     /usr/lib/libXnVHandGenerator_1_4_2.so
06694000-06695000 rw-p 000d7000 07:00 167784     /usr/lib/libXnVHandGenerator_1_4_2.so
06695000-06697000 rw-p 00000000 00:00 0 
06835000-06a1c000 r-xp 00000000 07:00 167778     /usr/lib/libXnVFeatures_1_4_1.so
06a1c000-06a1f000 r--p 001e6000 07:00 167778     /usr/lib/libXnVFeatures_1_4_1.so
06a1f000-06a20000 rw-p 001e9000 07:00 167778     /usr/lib/libXnVFeatures_1_4_1.so
06a20000-06a25000 rw-p 00000000 00:00 0 
06c5a000-06d3a000 r-xp 00000000 07:00 167785     /usr/lib/libXnVHandGenerator_1_5_0.so
06d3a000-06d3d000 r--p 000df000 07:00 167785     /usr/lib/libXnVHandGenerator_1_5_0.so
06d3d000-06d3e000 rw-p 000e2000 07:00 167785     /usr/lib/libXnVHandGenerator_1_5_0.so
06d3e000-06d4a000 rw-p 00000000 00:00 0 
06e50000-06f2f000 r-xp 00000000 07:00 135481     /usr/lib/i386-linux-gnu/libstdc++.so.6.0.14
06f2f000-06f33000 r--p 000de000 07:00 135481     /usr/lib/i386-linux-gnu/libstdc++.so.6.0.14
06f33000-06f34000 rw-p 000e2000 07:00 135481     /usr/lib/i386-linux-gnu/libstdc++.so.6.0.14
06f34000-06f3b000 rw-p 00000000 00:00 0 
07161000-0734d000 r-xp 00000000 07:00 321853     /usr/local/lib/libopencv_core.so.2.3.1
0734d000-0734f000 r--p 001eb000 07:00 321853     /usr/local/lib/libopencv_core.so.2.3.1
0734f000-07353000 rw-p 001ed000 07:00 321853     /usr/local/lib/libopencv_core.so.2.3.1
07353000-07355000 rw-p 00000000 00:00 0 
078f5000-0795c000 r-xp 00000000 07:00 133259     /usr/lib/libpixman-1.so.0.20.2
0795c000-0795d000 ---p 00067000 07:00 133259     /usr/lib/libpixman-1.so.0.20.2
0795d000-07960000 r--p 00067000 07:00 133259     /usr/lib/libpixman-1.so.0.20.2
07960000-07961000 rw-p 0006a000 07:00 133259     /usr/lib/libpixman-1.so.0.20.2
07aa1000-07af9000 r-xp 00000000 07:00 135486     /usr/lib/i386-linux-gnu/libtiff.so.4.3.3
07af9000-07afb000 r--p 00057000 07:00 135486     /usr/lib/i386-linux-gnu/libtiff.so.4.3.3
07afb000-07afc000 rw-p 00059000 07:00 135486     /usr/lib/i386-linux-gnu/libtiff.so.4.3.3
07b02000-07d20000 r-xp 00000000 07:00 167777     /usr/lib/libXnVFeatures_1_3_1.so
07d20000-07d21000 ---p 0021e000 07:00 167777     /usr/lib/libXnVFeatures_1_3_1.so
07d21000-07d24000 r--p 0021e000 07:00 167777     /usr/lib/libXnVFeatures_1_3_1.so
07d24000-07d25000 rw-p 00221000 07:00 167777     /usr/lib/libXnVFeatures_1_3_1.so
07d25000-07d2a000 rw-p 00000000 00:00 0 
08048000-08049000 r-xp 00000000 07:00 25208      /usr/lib/jvm/java-7-oracle/bin/java
08049000-0804a000 rw-p 00000000 07:00 25208      /usr/lib/jvm/java-7-oracle/bin/java
080f7000-0816a000 r-xp 00000000 07:00 322035     /tmp/libjniavcodec7982016300438793465.so
0816a000-0816b000 rw-p 00072000 07:00 322035     /tmp/libjniavcodec7982016300438793465.so
08705000-08af8000 r-xp 00000000 07:00 167780     /usr/lib/libXnVFeatures_1_5_0.so
08af8000-08af9000 ---p 003f3000 07:00 167780     /usr/lib/libXnVFeatures_1_5_0.so
08af9000-08b01000 r--p 003f3000 07:00 167780     /usr/lib/libXnVFeatures_1_5_0.so
08b01000-08b02000 rw-p 003fb000 07:00 167780     /usr/lib/libXnVFeatures_1_5_0.so
08b02000-08b16000 rw-p 00000000 00:00 0 
08f5e000-08f8b000 r-xp 00000000 07:00 135252     /usr/lib/gtk-2.0/2.10.0/engines/libmurrine.so
08f8b000-08f8c000 r--p 0002c000 07:00 135252     /usr/lib/gtk-2.0/2.10.0/engines/libmurrine.so
08f8c000-08f8d000 rw-p 0002d000 07:00 135252     /usr/lib/gtk-2.0/2.10.0/engines/libmurrine.so
09056000-0909b000 r-xp 00000000 07:00 135425     /usr/lib/i386-linux-gnu/libgobject-2.0.so.0.2800.6
0909b000-0909c000 r--p 00044000 07:00 135425     /usr/lib/i386-linux-gnu/libgobject-2.0.so.0.2800.6
0909c000-0909d000 rw-p 00045000 07:00 135425     /usr/lib/i386-linux-gnu/libgobject-2.0.so.0.2800.6
09368000-09381000 r-xp 00000000 07:00 1170       /lib/i386-linux-gnu/libselinux.so.1
09381000-09382000 r--p 00018000 07:00 1170       /lib/i386-linux-gnu/libselinux.so.1
09382000-09383000 rw-p 00019000 07:00 1170       /lib/i386-linux-gnu/libselinux.so.1
09708000-098e1000 r-xp 00000000 07:00 321867     /usr/local/lib/libopencv_imgproc.so.2.3.1
098e1000-098e3000 r--p 001d9000 07:00 321867     /usr/local/lib/libopencv_imgproc.so.2.3.1
098e3000-098e4000 rw-p 001db000 07:00 321867     /usr/local/lib/libopencv_imgproc.so.2.3.1
098e4000-09979000 rw-p 00000000 00:00 0 
09b5c000-09ebb000 rw-p 00000000 00:00 0          [heap]
4ff52000-500cb000 rw-p 00000000 00:00 0 
634d2000-63600000 rw-p 00000000 00:00 0 
63600000-636fe000 rw-p 00000000 00:00 0 
636fe000-63700000 ---p 00000000 00:00 0 
63700000-637f4000 rw-p 00000000 00:00 0 
637f4000-63800000 ---p 00000000 00:00 0 
63800000-638fd000 rw-p 00000000 00:00 0 
638fd000-63900000 ---p 00000000 00:00 0 
639dc000-63c00000 rw-p 00000000 00:00 0 
63c00000-63ce3000 rw-p 00000000 00:00 0 
63ce3000-63d00000 ---p 00000000 00:00 0 
63d05000-64000000 rw-p 00000000 00:00 0 
64000000-640ff000 rw-p 00000000 00:00 0 
640ff000-64100000 ---p 00000000 00:00 0 
641e4000-64400000 rw-p 00000000 00:00 0 
64400000-64500000 rw-p 00000000 00:00 0 
64532000-7fdfc000 rw-p 00000000 00:00 0 
7fdfc000-7ff28000 rw-s 00000000 00:04 4390923    /SYSV00000000 (deleted)
7ff28000-8000a000 rw-p 00000000 00:00 0 
8000b000-80800000 rw-p 00000000 00:00 0 
80800000-808f6000 rw-p 00000000 00:00 0 
808f6000-80900000 ---p 00000000 00:00 0 
80911000-80915000 r--s 00088000 07:00 26228      /usr/lib/jvm/java-7-oracle/jre/lib/jsse.jar
80915000-80b00000 rw-p 00000000 00:00 0 
80b00000-80cff000 rw-p 00000000 00:00 0 
80cff000-80d00000 ---p 00000000 00:00 0 
80d00000-80efe000 rw-p 00000000 00:00 0 
80efe000-80f00000 ---p 00000000 00:00 0 
80f00000-81100000 rw-p 00000000 00:00 0 
81100000-81300000 rw-p 00000000 00:00 0 
81300000-81500000 rw-p 00000000 00:00 0 
81500000-81700000 rw-p 00000000 00:00 0 
81700000-81900000 rw-p 00000000 00:00 0 
81900000-81b00000 rw-p 00000000 00:00 0 
81b00000-81d00000 rw-p 00000000 00:00 0 
81d00000-81f00000 rw-p 00000000 00:00 0 
81f00000-82100000 rw-p 00000000 00:00 0 
82100000-82300000 rw-p 00000000 00:00 0 
82300000-82500000 rw-p 00000000 00:00 0 
82500000-82700000 rw-p 00000000 00:00 0 
82700000-827ff000 rw-p 00000000 00:00 0 
827ff000-82800000 ---p 00000000 00:00 0 
82800000-82900000 rw-p 00000000 00:00 0 
82900000-82aff000 rw-p 00000000 00:00 0 
82aff000-82b00000 ---p 00000000 00:00 0 
82b00000-82d00000 rw-p 00000000 00:00 0 
82d00000-82f00000 rw-p 00000000 00:00 0 
82f00000-83100000 rw-p 00000000 00:00 0 
83100000-83300000 rw-p 00000000 00:00 0 
83300000-83500000 rw-p 00000000 00:00 0 
83500000-83700000 rw-p 00000000 00:00 0 
83700000-83900000 rw-p 00000000 00:00 0 
83900000-83b00000 rw-p 00000000 00:00 0 
83b00000-83d00000 rw-p 00000000 00:00 0 
83d00000-83f00000 rw-p 00000000 00:00 0 
83f00000-84100000 rw-p 00000000 00:00 0 
84100000-841ff000 rw-p 00000000 00:00 0 
841ff000-84200000 ---p 00000000 00:00 0 
84200000-842ff000 rw-p 00000000 00:00 0 
842ff000-84300000 ---p 00000000 00:00 0 
84300000-84500000 rw-p 00000000 00:00 0 
84500000-845ff000 rw-p 00000000 00:00 0 
845ff000-84600000 ---p 00000000 00:00 0 
84600000-84700000 rw-p 00000000 00:00 0 
84700000-84800000 rw-p 00000000 00:00 0 
84849000-84c2c000 rw-p 00000000 00:00 0 
84c2d000-8a700000 rw-p 00000000 00:00 0 
8a700000-8a800000 rw-p 00000000 00:00 0 
8a843000-8b700000 rw-p 00000000 00:00 0 
8b700000-8b800000 rw-p 00000000 00:00 0 
8b81d000-8b900000 rw-p 00000000 00:00 0 
8b900000-8b9f8000 rw-p 00000000 00:00 0 
8b9f8000-8ba00000 ---p 00000000 00:00 0 
8ba69000-8bb00000 rw-p 00000000 00:00 0 
8bb00000-8bc00000 rw-p 00000000 00:00 0 
8bc1d000-8bd00000 rw-p 00000000 00:00 0 
8bd00000-8bdff000 rw-p 00000000 00:00 0 
8bdff000-8be00000 ---p 00000000 00:00 0 
8be00000-8befa000 rw-p 00000000 00:00 0 
8befa000-8bf00000 ---p 00000000 00:00 0 
8bf00000-8c000000 rw-p 00000000 00:00 0 
8c002000-8d100000 rw-p 00000000 00:00 0 
8d100000-8d1f9000 rw-p 00000000 00:00 0 
8d1f9000-8d200000 ---p 00000000 00:00 0 
8d23b000-8d400000 rw-p 00000000 00:00 0 
8d400000-8d4fe000 rw-p 00000000 00:00 0 
8d4fe000-8d500000 ---p 00000000 00:00 0 
8d51d000-8d600000 rw-p 00000000 00:00 0 
8d600000-8d700000 rw-p 00000000 00:00 0 
8d708000-8d900000 rw-p 00000000 00:00 0 
8d900000-8daf7000 rw-p 00000000 00:00 0 
8daf7000-8db00000 ---p 00000000 00:00 0 
8db00000-8dbff000 rw-p 00000000 00:00 0 
8dbff000-8dc00000 ---p 00000000 00:00 0 
8dc00000-8dd00000 rw-p 00000000 00:00 0 
8dd00000-8ddff000 rw-p 00000000 00:00 0 
8ddff000-8de00000 ---p 00000000 00:00 0 
8de0c000-8dea3000 rw-p 00000000 00:00 0 
8dea3000-8ff99000 r--s 00000000 00:10 2176918    /dev/shm/17733_045e.02ae@2.13_Image
8ff99000-9007b000 rw-p 00000000 00:00 0 
9007b000-903ff000 r--s 00000000 00:10 2176893    /dev/shm/17733_045e.02ae@2.13_Depth
903ff000-90800000 rw-p 00000000 00:00 0 
90800000-908fe000 rw-p 00000000 00:00 0 
908fe000-90900000 ---p 00000000 00:00 0 
90919000-90a00000 rw-p 00000000 00:00 0 
90a00000-90b00000 rw-p 00000000 00:00 0 
90b0b000-90b57000 rw-p 00000000 00:00 0 
90b57000-90bf9000 rwxp 00000000 00:00 0 
90bf9000-90bfa000 ---p 00000000 00:00 0 
90bfa000-90ccb000 rwxp 00000000 00:00 0 
90ccb000-90ccc000 ---p 00000000 00:00 0 
90ccc000-90d4c000 rwxp 00000000 00:00 0 
90d4c000-90d4d000 ---p 00000000 00:00 0 
90d4d000-90e1e000 rwxp 00000000 00:00 0 
90e1e000-9101e000 r--p 00000000 07:00 138505     /usr/lib/locale/locale-archive
9101e000-910c0000 rwxp 00000000 00:00 0 
910c0000-910c1000 ---p 00000000 00:00 0 
910c1000-91141000 rwxp 00000000 00:00 0 
91141000-91300000 r--s 039fa000 07:00 25674      /usr/lib/jvm/java-7-oracle/jre/lib/rt.jar
91300000-91400000 rw-p 00000000 00:00 0 
91411000-91424000 r--s 000c1000 07:00 182586     /home/hh354/javacv-bin/javacv.jar
91424000-9146f000 rw-p 00000000 00:00 0 
9146f000-91470000 ---p 00000000 00:00 0 
91470000-914f0000 rwxp 00000000 00:00 0 
914f0000-914f1000 ---p 00000000 00:00 0 
914f1000-91571000 rwxp 00000000 00:00 0 
91571000-91579000 rw-p 00000000 00:00 0 
91579000-91591000 rw-p 00000000 00:00 0 
91591000-9159c000 rw-p 00000000 00:00 0 
9159c000-91637000 rw-p 00000000 00:00 0 
91637000-9163f000 rw-p 00000000 00:00 0 
9163f000-91657000 rw-p 00000000 00:00 0 
91657000-91662000 rw-p 00000000 00:00 0 
91662000-916fc000 rw-p 00000000 00:00 0 
916fc000-91702000 rw-p 00000000 00:00 0 
91702000-9174f000 rw-p 00000000 00:00 0 
9174f000-92750000 rw-p 00000000 00:00 0 
92750000-95750000 rw-p 00000000 00:00 0 
95750000-96c00000 rw-p 00000000 00:00 0 
96c00000-aa200000 rw-p 00000000 00:00 0 
aa200000-aac50000 rw-p 00000000 00:00 0 
aac50000-b4750000 rw-p 00000000 00:00 0 
b4756000-b475f000 rw-p 00000000 00:00 0 
b475f000-b4816000 rw-p 00000000 00:00 0 
b4816000-b4a56000 rwxp 00000000 00:00 0 
b4a56000-b7816000 rw-p 00000000 00:00 0 
b7816000-b781e000 rw-s 00000000 07:00 316925     /tmp/hsperfdata_hh354/17752
b781e000-b781f000 ---p 00000000 00:00 0 
b781f000-b786f000 rwxp 00000000 00:00 0 
b786f000-b7871000 rw-p 00000000 00:00 0 
b7873000-b7874000 rw-s 00000000 00:10 2178801    /dev/shm/045e.02ae@2.13-SM
b7874000-b7878000 r--s 0001b000 07:00 424479     /home/hh354/kinect/OpenNI/Jar/org.OpenNI.jar
b7878000-b7879000 r--s 0011c000 07:00 182585     /home/hh354/javacv-bin/javacv-windows-x86_64.jar
b7879000-b787b000 r--s 000da000 07:00 182583     /home/hh354/javacv-bin/javacv-windows-x86.jar
b787b000-b787c000 r--s 0011e000 07:00 182587     /home/hh354/javacv-bin/javacv-macosx-x86_64.jar
b787c000-b787d000 r--s 00135000 07:00 175036     /home/hh354/javacv-bin/javacv-linux-x86_64.jar
b787d000-b787e000 r--s 00125000 07:00 182571     /home/hh354/javacv-bin/javacv-linux-x86.jar
b787e000-b7880000 r--s 00011000 07:00 182582     /home/hh354/javacv-bin/javacpp.jar
b7880000-b7881000 r--p 002a1000 07:00 138505     /usr/lib/locale/locale-archive
b7881000-b7882000 rw-p 00000000 00:00 0 
b7882000-b7883000 r--p 00000000 00:00 0 
b7883000-b7885000 rw-p 00000000 00:00 0 
bfab9000-bfad8000 rwxp 00000000 00:00 0          [stack]
bfad8000-bfada000 rw-p 00000000 00:00 0 

VM Arguments:
jvm_args: -Dfile.encoding=UTF-8 
java_command: kinectdemo.UserTrackerApplication
Launcher Type: SUN_STANDARD

Environment Variables:
PATH=/usr/local/sbin:/usr/local/bin:/usr/sbin:/usr/bin:/sbin:/bin:/usr/games
USERNAME=hh354
SHELL=/bin/bash
DISPLAY=:0

Signal Handlers:
SIGSEGV: [libjvm.so+0x6ddc10], sa_mask[0]=0x7ffbfeff, sa_flags=0x10000004
SIGBUS: [libjvm.so+0x6ddc10], sa_mask[0]=0x7ffbfeff, sa_flags=0x10000004
SIGFPE: [libjvm.so+0x59e1e0], sa_mask[0]=0x7ffbfeff, sa_flags=0x10000004
SIGPIPE: SIG_IGN, sa_mask[0]=0x00001000, sa_flags=0x10000000
SIGXFSZ: [libjvm.so+0x59e1e0], sa_mask[0]=0x7ffbfeff, sa_flags=0x10000004
SIGILL: [libjvm.so+0x59e1e0], sa_mask[0]=0x7ffbfeff, sa_flags=0x10000004
SIGUSR1: SIG_DFL, sa_mask[0]=0x00000000, sa_flags=0x00000000
SIGUSR2: [libjvm.so+0x59dae0], sa_mask[0]=0x00000004, sa_flags=0x10000004
SIGHUP: [libjvm.so+0x5a01f0], sa_mask[0]=0x7ffbfeff, sa_flags=0x10000004
SIGINT: SIG_IGN, sa_mask[0]=0x00000000, sa_flags=0x00000000
SIGTERM: [libjvm.so+0x5a01f0], sa_mask[0]=0x7ffbfeff, sa_flags=0x10000004
SIGQUIT: [libjvm.so+0x5a01f0], sa_mask[0]=0x7ffbfeff, sa_flags=0x10000004


---------------  S Y S T E M  ---------------

OS:squeeze/sid

uname:Linux 2.6.38-8-generic #42-Ubuntu SMP Mon Apr 11 03:31:50 UTC 2011 i686
libc:glibc 2.13 NPTL 2.13 
rlimit: STACK 8192k, CORE 0k, NPROC infinity, NOFILE 4096, AS infinity
load average:0.88 0.57 0.37

/proc/meminfo:
MemTotal:        2027788 kB
MemFree:          341332 kB
Buffers:           40488 kB
Cached:           140364 kB
SwapCached:         1796 kB
Active:          1094524 kB
Inactive:         434240 kB
Active(anon):    1030184 kB
Inactive(anon):   339244 kB
Active(file):      64340 kB
Inactive(file):    94996 kB
Unevictable:        2204 kB
Mlocked:              32 kB
HighTotal:       1154760 kB
HighFree:           1628 kB
LowTotal:         873028 kB
LowFree:          339704 kB
SwapTotal:        262136 kB
SwapFree:         171072 kB
Dirty:               680 kB
Writeback:             0 kB
AnonPages:       1349364 kB
Mapped:            59840 kB
Shmem:             19244 kB
Slab:              30504 kB
SReclaimable:      14080 kB
SUnreclaim:        16424 kB
KernelStack:        2896 kB
PageTables:         7208 kB
NFS_Unstable:          0 kB
Bounce:                0 kB
WritebackTmp:          0 kB
CommitLimit:     1276028 kB
Committed_AS:    2800984 kB
VmallocTotal:     122880 kB
VmallocUsed:       34088 kB
VmallocChunk:      79356 kB
HardwareCorrupted:     0 kB
HugePages_Total:       0
HugePages_Free:        0
HugePages_Rsvd:        0
HugePages_Surp:        0
Hugepagesize:       4096 kB
DirectMap4k:      659448 kB
DirectMap4M:      249856 kB


CPU:total 2 (2 cores per cpu, 1 threads per core) family 6 model 15 stepping 10, cmov, cx8, fxsr, mmx, sse, sse2, sse3, ssse3

/proc/cpuinfo:
processor	: 0
vendor_id	: GenuineIntel
cpu family	: 6
model		: 15
model name	: Intel(R) Core(TM)2 Duo CPU     T7500  @ 2.20GHz
stepping	: 10
cpu MHz		: 2201.000
cache size	: 4096 KB
physical id	: 0
siblings	: 2
core id		: 0
cpu cores	: 2
apicid		: 0
initial apicid	: 0
fdiv_bug	: no
hlt_bug		: no
f00f_bug	: no
coma_bug	: no
fpu		: yes
fpu_exception	: yes
cpuid level	: 10
wp		: yes
flags		: fpu vme de pse tsc msr pae mce cx8 apic mtrr pge mca cmov pat pse36 clflush dts acpi mmx fxsr sse sse2 ss ht tm pbe nx lm constant_tsc arch_perfmon pebs bts aperfmperf pni dtes64 monitor ds_cpl vmx est tm2 ssse3 cx16 xtpr pdcm lahf_lm ida dts tpr_shadow vnmi flexpriority
bogomips	: 4388.82
clflush size	: 64
cache_alignment	: 64
address sizes	: 36 bits physical, 48 bits virtual
power management:

processor	: 1
vendor_id	: GenuineIntel
cpu family	: 6
model		: 15
model name	: Intel(R) Core(TM)2 Duo CPU     T7500  @ 2.20GHz
stepping	: 10
cpu MHz		: 2200.000
cache size	: 4096 KB
physical id	: 0
siblings	: 2
core id		: 1
cpu cores	: 2
apicid		: 1
initial apicid	: 1
fdiv_bug	: no
hlt_bug		: no
f00f_bug	: no
coma_bug	: no
fpu		: yes
fpu_exception	: yes
cpuid level	: 10
wp		: yes
flags		: fpu vme de pse tsc msr pae mce cx8 apic mtrr pge mca cmov pat pse36 clflush dts acpi mmx fxsr sse sse2 ss ht tm pbe nx lm constant_tsc arch_perfmon pebs bts aperfmperf pni dtes64 monitor ds_cpl vmx est tm2 ssse3 cx16 xtpr pdcm lahf_lm ida dts tpr_shadow vnmi flexpriority
bogomips	: 4389.33
clflush size	: 64
cache_alignment	: 64
address sizes	: 36 bits physical, 48 bits virtual
power management:



Memory: 4k page, physical 2027788k(341332k free), swap 262136k(171072k free)

vm_info: Java HotSpot(TM) Server VM (21.0-b17) for linux-x86 JRE (1.7.0-b147), built on Jun 27 2011 01:49:33 by "java_re" with gcc 4.3.0 20080428 (Red Hat 4.3.0-8)

time: Thu Dec 15 19:03:02 2011
elapsed time: 36 seconds

